       Fresh shlex v1.3.0
       Fresh cc v1.2.30
       Fresh equivalent v1.0.2
       Fresh hashbrown v0.15.4
       Fresh indexmap v2.10.0
       Fresh unicode-ident v1.0.18
       Fresh serde v1.0.219
       Fresh proc-macro2 v1.0.95
       Fresh quote v1.0.40
       Fresh syn v2.0.104
       Fresh serde_spanned v0.6.9
       Fresh toml_datetime v0.6.11
       Fresh winnow v0.7.12
       Fresh toml_edit v0.22.27
       Fresh target-lexicon v0.13.2
       Fresh smallvec v1.15.1
       Fresh unicode-width v0.2.1
       Fresh cxxbridge-flags v1.0.161
       Fresh termcolor v1.4.1
       Fresh codespan-reporting v0.12.0
       Fresh cfg-expr v0.20.1
       Fresh toml v0.8.23
       Fresh scratch v1.0.8
       Fresh pkg-config v0.3.32
       Fresh version-compare v0.2.0
       Fresh heck v0.5.0
       Fresh system-deps v7.0.5
       Fresh cxx-build v1.0.161
       Fresh anyhow v1.0.98
       Fresh rustversion v1.0.21
       Fresh cmake v0.1.54
   Compiling libdnf-sys v0.1.0 (/var/home/kushal/rpm-ostree/rust/libdnf-sys)
       Fresh cxxbridge-macro v1.0.161
       Fresh link-cplusplus v1.0.10
       Fresh foldhash v0.1.5
     Running `CARGO=/var/home/kushal/.rustup/toolchains/stable-x86_64-unknown-linux-gnu/bin/cargo CARGO_CRATE_NAME=build_script_build CARGO_MANIFEST_DIR=/var/home/kushal/rpm-ostree/rust/libdnf-sys CARGO_MANIFEST_PATH=/var/home/kushal/rpm-ostree/rust/libdnf-sys/Cargo.toml CARGO_PKG_AUTHORS='Colin Walters <walters@verbum.org>:Jonathan Lebon <jonathan@jlebon.com>' CARGO_PKG_DESCRIPTION='' CARGO_PKG_HOMEPAGE='' CARGO_PKG_LICENSE='' CARGO_PKG_LICENSE_FILE='' CARGO_PKG_NAME=libdnf-sys CARGO_PKG_README='' CARGO_PKG_REPOSITORY='' CARGO_PKG_RUST_VERSION='' CARGO_PKG_VERSION=0.1.0 CARGO_PKG_VERSION_MAJOR=0 CARGO_PKG_VERSION_MINOR=1 CARGO_PKG_VERSION_PATCH=0 CARGO_PKG_VERSION_PRE='' CARGO_PRIMARY_PACKAGE=1 CARGO_SBOM_PATH='' LD_LIBRARY_PATH='/var/home/kushal/rpm-ostree/target/debug/deps:/home/kushal/.rustup/toolchains/stable-x86_64-unknown-linux-gnu/lib' /home/kushal/.rustup/toolchains/stable-x86_64-unknown-linux-gnu/bin/rustc --crate-name build_script_build --edition=2021 rust/libdnf-sys/build.rs --error-format=json --json=diagnostic-rendered-ansi,artifacts,future-incompat --crate-type bin --emit=dep-info,link -C embed-bitcode=no --cfg 'feature="default"' --check-cfg 'cfg(docsrs,test)' --check-cfg 'cfg(feature, values("default", "rhsm"))' -C metadata=8f364dab9e2b922f -C extra-filename=-4ec7fac8c5bae47d --out-dir /var/home/kushal/rpm-ostree/target/debug/build/libdnf-sys-4ec7fac8c5bae47d -C incremental=/var/home/kushal/rpm-ostree/target/debug/incremental -L dependency=/var/home/kushal/rpm-ostree/target/debug/deps --extern anyhow=/var/home/kushal/rpm-ostree/target/debug/deps/libanyhow-4542afba70191253.rlib --extern cmake=/var/home/kushal/rpm-ostree/target/debug/deps/libcmake-14ef5e865024f269.rlib --extern cxx_build=/var/home/kushal/rpm-ostree/target/debug/deps/libcxx_build-871fcf7ab1ae5c1e.rlib --extern system_deps=/var/home/kushal/rpm-ostree/target/debug/deps/libsystem_deps-b152e3da65ede567.rlib`
    Checking cxx v1.0.161
     Running `CARGO=/var/home/kushal/.rustup/toolchains/stable-x86_64-unknown-linux-gnu/bin/cargo CARGO_CRATE_NAME=cxx CARGO_MANIFEST_DIR=/home/kushal/.cargo/registry/src/index.crates.io-1949cf8c6b5b557f/cxx-1.0.161 CARGO_MANIFEST_PATH=/home/kushal/.cargo/registry/src/index.crates.io-1949cf8c6b5b557f/cxx-1.0.161/Cargo.toml CARGO_PKG_AUTHORS='David Tolnay <dtolnay@gmail.com>' CARGO_PKG_DESCRIPTION='Safe interop between Rust and C++' CARGO_PKG_HOMEPAGE='https://cxx.rs' CARGO_PKG_LICENSE='MIT OR Apache-2.0' CARGO_PKG_LICENSE_FILE='' CARGO_PKG_NAME=cxx CARGO_PKG_README=README.md CARGO_PKG_REPOSITORY='https://github.com/dtolnay/cxx' CARGO_PKG_RUST_VERSION=1.73 CARGO_PKG_VERSION=1.0.161 CARGO_PKG_VERSION_MAJOR=1 CARGO_PKG_VERSION_MINOR=0 CARGO_PKG_VERSION_PATCH=161 CARGO_PKG_VERSION_PRE='' LD_LIBRARY_PATH='/var/home/kushal/rpm-ostree/target/debug/deps:/home/kushal/.rustup/toolchains/stable-x86_64-unknown-linux-gnu/lib' OUT_DIR=/var/home/kushal/rpm-ostree/target/debug/build/cxx-6c6c8da6c35249e8/out /home/kushal/.rustup/toolchains/stable-x86_64-unknown-linux-gnu/bin/rustc --crate-name cxx --edition=2021 /home/kushal/.cargo/registry/src/index.crates.io-1949cf8c6b5b557f/cxx-1.0.161/src/lib.rs --error-format=json --json=diagnostic-rendered-ansi,artifacts,future-incompat --crate-type lib --emit=dep-info,metadata -C opt-level=1 -C embed-bitcode=no -C debuginfo=2 -C debug-assertions=on --cfg 'feature="alloc"' --cfg 'feature="default"' --cfg 'feature="std"' --check-cfg 'cfg(docsrs,test)' --check-cfg 'cfg(feature, values("alloc", "c++14", "c++17", "c++20", "default", "std"))' -C metadata=2763216d2eb1204b -C extra-filename=-2b47af4ec6e4d7f0 --out-dir /var/home/kushal/rpm-ostree/target/debug/deps -L dependency=/var/home/kushal/rpm-ostree/target/debug/deps --extern cxxbridge_macro=/var/home/kushal/rpm-ostree/target/debug/deps/libcxxbridge_macro-8f21c86f09fd1c5b.so --extern foldhash=/var/home/kushal/rpm-ostree/target/debug/deps/libfoldhash-881ea36f61950232.rmeta --extern link_cplusplus=/var/home/kushal/rpm-ostree/target/debug/deps/liblink_cplusplus-90f5acde4758e983.rmeta --cap-lints warn -L native=/var/home/kushal/rpm-ostree/target/debug/build/cxx-6c6c8da6c35249e8/out -L native=/var/home/kushal/rpm-ostree/target/debug/build/link-cplusplus-a20659ad4b3a2b72/out -l static=cxxbridge1 --cfg built_with_cargo --cfg seek_relative --cfg error_in_core --check-cfg 'cfg(built_with_cargo)' --check-cfg 'cfg(compile_error_if_alloc)' --check-cfg 'cfg(compile_error_if_std)' --check-cfg 'cfg(cxx_experimental_no_alloc)' --check-cfg 'cfg(error_in_core)' --check-cfg 'cfg(seek_relative)' --check-cfg 'cfg(skip_ui_tests)'`
     Running `CARGO=/var/home/kushal/.rustup/toolchains/stable-x86_64-unknown-linux-gnu/bin/cargo CARGO_CFG_FEATURE=default CARGO_CFG_PANIC=unwind CARGO_CFG_TARGET_ABI='' CARGO_CFG_TARGET_ARCH=x86_64 CARGO_CFG_TARGET_ENDIAN=little CARGO_CFG_TARGET_ENV=gnu CARGO_CFG_TARGET_FAMILY=unix CARGO_CFG_TARGET_FEATURE=fxsr,sse,sse2 CARGO_CFG_TARGET_HAS_ATOMIC=16,32,64,8,ptr CARGO_CFG_TARGET_OS=linux CARGO_CFG_TARGET_POINTER_WIDTH=64 CARGO_CFG_TARGET_VENDOR=unknown CARGO_CFG_UNIX='' CARGO_ENCODED_RUSTFLAGS='' CARGO_FEATURE_DEFAULT=1 CARGO_MANIFEST_DIR=/var/home/kushal/rpm-ostree/rust/libdnf-sys CARGO_MANIFEST_LINKS=dnf CARGO_MANIFEST_PATH=/var/home/kushal/rpm-ostree/rust/libdnf-sys/Cargo.toml CARGO_PKG_AUTHORS='Colin Walters <walters@verbum.org>:Jonathan Lebon <jonathan@jlebon.com>' CARGO_PKG_DESCRIPTION='' CARGO_PKG_HOMEPAGE='' CARGO_PKG_LICENSE='' CARGO_PKG_LICENSE_FILE='' CARGO_PKG_NAME=libdnf-sys CARGO_PKG_README='' CARGO_PKG_REPOSITORY='' CARGO_PKG_RUST_VERSION='' CARGO_PKG_VERSION=0.1.0 CARGO_PKG_VERSION_MAJOR=0 CARGO_PKG_VERSION_MINOR=1 CARGO_PKG_VERSION_PATCH=0 CARGO_PKG_VERSION_PRE='' DEBUG=true DEP_CXXBRIDGE1_HEADER=/home/kushal/.cargo/registry/src/index.crates.io-1949cf8c6b5b557f/cxx-1.0.161/include/cxx.h HOST=x86_64-unknown-linux-gnu LD_LIBRARY_PATH='/var/home/kushal/rpm-ostree/target/debug/deps:/var/home/kushal/rpm-ostree/target/debug:/var/home/kushal/.rustup/toolchains/stable-x86_64-unknown-linux-gnu/lib/rustlib/x86_64-unknown-linux-gnu/lib:/home/kushal/.rustup/toolchains/stable-x86_64-unknown-linux-gnu/lib' NUM_JOBS=2 OPT_LEVEL=1 OUT_DIR=/var/home/kushal/rpm-ostree/target/debug/build/libdnf-sys-6b0db4a1fbb21ddd/out PROFILE=debug RUSTC=/home/kushal/.rustup/toolchains/stable-x86_64-unknown-linux-gnu/bin/rustc RUSTDOC=/home/kushal/.rustup/toolchains/stable-x86_64-unknown-linux-gnu/bin/rustdoc TARGET=x86_64-unknown-linux-gnu /var/home/kushal/rpm-ostree/target/debug/build/libdnf-sys-4ec7fac8c5bae47d/build-script-build`
[libdnf-sys 0.1.0] cargo:rerun-if-changed=/var/home/kushal/rpm-ostree/rust/libdnf-sys/Cargo.toml
[libdnf-sys 0.1.0] cargo:rerun-if-env-changed=GLIB_2.0_NO_PKG_CONFIG
[libdnf-sys 0.1.0] cargo:rerun-if-env-changed=PKG_CONFIG_x86_64-unknown-linux-gnu
[libdnf-sys 0.1.0] cargo:rerun-if-env-changed=PKG_CONFIG_x86_64_unknown_linux_gnu
[libdnf-sys 0.1.0] cargo:rerun-if-env-changed=HOST_PKG_CONFIG
[libdnf-sys 0.1.0] cargo:rerun-if-env-changed=PKG_CONFIG
[libdnf-sys 0.1.0] cargo:rerun-if-env-changed=PKG_CONFIG_PATH_x86_64-unknown-linux-gnu
[libdnf-sys 0.1.0] cargo:rerun-if-env-changed=PKG_CONFIG_PATH_x86_64_unknown_linux_gnu
[libdnf-sys 0.1.0] cargo:rerun-if-env-changed=HOST_PKG_CONFIG_PATH
[libdnf-sys 0.1.0] cargo:rerun-if-env-changed=PKG_CONFIG_PATH
[libdnf-sys 0.1.0] cargo:rerun-if-env-changed=PKG_CONFIG_LIBDIR_x86_64-unknown-linux-gnu
[libdnf-sys 0.1.0] cargo:rerun-if-env-changed=PKG_CONFIG_LIBDIR_x86_64_unknown_linux_gnu
[libdnf-sys 0.1.0] cargo:rerun-if-env-changed=HOST_PKG_CONFIG_LIBDIR
[libdnf-sys 0.1.0] cargo:rerun-if-env-changed=PKG_CONFIG_LIBDIR
[libdnf-sys 0.1.0] cargo:rerun-if-env-changed=PKG_CONFIG_SYSROOT_DIR_x86_64-unknown-linux-gnu
[libdnf-sys 0.1.0] cargo:rerun-if-env-changed=PKG_CONFIG_SYSROOT_DIR_x86_64_unknown_linux_gnu
[libdnf-sys 0.1.0] cargo:rerun-if-env-changed=HOST_PKG_CONFIG_SYSROOT_DIR
[libdnf-sys 0.1.0] cargo:rerun-if-env-changed=PKG_CONFIG_SYSROOT_DIR
[libdnf-sys 0.1.0] cargo:rerun-if-env-changed=PKG_CONFIG_SYSROOT_DIR
[libdnf-sys 0.1.0] cargo:rerun-if-env-changed=SYSROOT
[libdnf-sys 0.1.0] cargo:rerun-if-env-changed=PKG_CONFIG_x86_64-unknown-linux-gnu
[libdnf-sys 0.1.0] cargo:rerun-if-env-changed=PKG_CONFIG_x86_64_unknown_linux_gnu
[libdnf-sys 0.1.0] cargo:rerun-if-env-changed=HOST_PKG_CONFIG
[libdnf-sys 0.1.0] cargo:rerun-if-env-changed=PKG_CONFIG
[libdnf-sys 0.1.0] cargo:rerun-if-env-changed=PKG_CONFIG_PATH_x86_64-unknown-linux-gnu
[libdnf-sys 0.1.0] cargo:rerun-if-env-changed=PKG_CONFIG_PATH_x86_64_unknown_linux_gnu
[libdnf-sys 0.1.0] cargo:rerun-if-env-changed=HOST_PKG_CONFIG_PATH
[libdnf-sys 0.1.0] cargo:rerun-if-env-changed=PKG_CONFIG_PATH
[libdnf-sys 0.1.0] cargo:rerun-if-env-changed=PKG_CONFIG_LIBDIR_x86_64-unknown-linux-gnu
[libdnf-sys 0.1.0] cargo:rerun-if-env-changed=PKG_CONFIG_LIBDIR_x86_64_unknown_linux_gnu
[libdnf-sys 0.1.0] cargo:rerun-if-env-changed=HOST_PKG_CONFIG_LIBDIR
[libdnf-sys 0.1.0] cargo:rerun-if-env-changed=PKG_CONFIG_LIBDIR
[libdnf-sys 0.1.0] cargo:rerun-if-env-changed=PKG_CONFIG_SYSROOT_DIR_x86_64-unknown-linux-gnu
[libdnf-sys 0.1.0] cargo:rerun-if-env-changed=PKG_CONFIG_SYSROOT_DIR_x86_64_unknown_linux_gnu
[libdnf-sys 0.1.0] cargo:rerun-if-env-changed=HOST_PKG_CONFIG_SYSROOT_DIR
[libdnf-sys 0.1.0] cargo:rerun-if-env-changed=PKG_CONFIG_SYSROOT_DIR
[libdnf-sys 0.1.0] cargo:rerun-if-env-changed=GPGME_NO_PKG_CONFIG
[libdnf-sys 0.1.0] cargo:rerun-if-env-changed=PKG_CONFIG_x86_64-unknown-linux-gnu
[libdnf-sys 0.1.0] cargo:rerun-if-env-changed=PKG_CONFIG_x86_64_unknown_linux_gnu
[libdnf-sys 0.1.0] cargo:rerun-if-env-changed=HOST_PKG_CONFIG
[libdnf-sys 0.1.0] cargo:rerun-if-env-changed=PKG_CONFIG
[libdnf-sys 0.1.0] cargo:rerun-if-env-changed=PKG_CONFIG_PATH_x86_64-unknown-linux-gnu
[libdnf-sys 0.1.0] cargo:rerun-if-env-changed=PKG_CONFIG_PATH_x86_64_unknown_linux_gnu
[libdnf-sys 0.1.0] cargo:rerun-if-env-changed=HOST_PKG_CONFIG_PATH
[libdnf-sys 0.1.0] cargo:rerun-if-env-changed=PKG_CONFIG_PATH
[libdnf-sys 0.1.0] cargo:rerun-if-env-changed=PKG_CONFIG_LIBDIR_x86_64-unknown-linux-gnu
[libdnf-sys 0.1.0] cargo:rerun-if-env-changed=PKG_CONFIG_LIBDIR_x86_64_unknown_linux_gnu
[libdnf-sys 0.1.0] cargo:rerun-if-env-changed=HOST_PKG_CONFIG_LIBDIR
[libdnf-sys 0.1.0] cargo:rerun-if-env-changed=PKG_CONFIG_LIBDIR
[libdnf-sys 0.1.0] cargo:rerun-if-env-changed=PKG_CONFIG_SYSROOT_DIR_x86_64-unknown-linux-gnu
[libdnf-sys 0.1.0] cargo:rerun-if-env-changed=PKG_CONFIG_SYSROOT_DIR_x86_64_unknown_linux_gnu
[libdnf-sys 0.1.0] cargo:rerun-if-env-changed=HOST_PKG_CONFIG_SYSROOT_DIR
[libdnf-sys 0.1.0] cargo:rerun-if-env-changed=PKG_CONFIG_SYSROOT_DIR
[libdnf-sys 0.1.0] cargo:rerun-if-env-changed=PKG_CONFIG_SYSROOT_DIR
[libdnf-sys 0.1.0] cargo:rerun-if-env-changed=SYSROOT
[libdnf-sys 0.1.0] cargo:rerun-if-env-changed=PKG_CONFIG_x86_64-unknown-linux-gnu
[libdnf-sys 0.1.0] cargo:rerun-if-env-changed=PKG_CONFIG_x86_64_unknown_linux_gnu
[libdnf-sys 0.1.0] cargo:rerun-if-env-changed=HOST_PKG_CONFIG
[libdnf-sys 0.1.0] cargo:rerun-if-env-changed=PKG_CONFIG
[libdnf-sys 0.1.0] cargo:rerun-if-env-changed=PKG_CONFIG_PATH_x86_64-unknown-linux-gnu
[libdnf-sys 0.1.0] cargo:rerun-if-env-changed=PKG_CONFIG_PATH_x86_64_unknown_linux_gnu
[libdnf-sys 0.1.0] cargo:rerun-if-env-changed=HOST_PKG_CONFIG_PATH
[libdnf-sys 0.1.0] cargo:rerun-if-env-changed=PKG_CONFIG_PATH
[libdnf-sys 0.1.0] cargo:rerun-if-env-changed=PKG_CONFIG_LIBDIR_x86_64-unknown-linux-gnu
[libdnf-sys 0.1.0] cargo:rerun-if-env-changed=PKG_CONFIG_LIBDIR_x86_64_unknown_linux_gnu
[libdnf-sys 0.1.0] cargo:rerun-if-env-changed=HOST_PKG_CONFIG_LIBDIR
[libdnf-sys 0.1.0] cargo:rerun-if-env-changed=PKG_CONFIG_LIBDIR
[libdnf-sys 0.1.0] cargo:rerun-if-env-changed=PKG_CONFIG_SYSROOT_DIR_x86_64-unknown-linux-gnu
[libdnf-sys 0.1.0] cargo:rerun-if-env-changed=PKG_CONFIG_SYSROOT_DIR_x86_64_unknown_linux_gnu
[libdnf-sys 0.1.0] cargo:rerun-if-env-changed=HOST_PKG_CONFIG_SYSROOT_DIR
[libdnf-sys 0.1.0] cargo:rerun-if-env-changed=PKG_CONFIG_SYSROOT_DIR
[libdnf-sys 0.1.0] cargo:rerun-if-env-changed=JSON_C_NO_PKG_CONFIG
[libdnf-sys 0.1.0] cargo:rerun-if-env-changed=PKG_CONFIG_x86_64-unknown-linux-gnu
[libdnf-sys 0.1.0] cargo:rerun-if-env-changed=PKG_CONFIG_x86_64_unknown_linux_gnu
[libdnf-sys 0.1.0] cargo:rerun-if-env-changed=HOST_PKG_CONFIG
[libdnf-sys 0.1.0] cargo:rerun-if-env-changed=PKG_CONFIG
[libdnf-sys 0.1.0] cargo:rerun-if-env-changed=PKG_CONFIG_PATH_x86_64-unknown-linux-gnu
[libdnf-sys 0.1.0] cargo:rerun-if-env-changed=PKG_CONFIG_PATH_x86_64_unknown_linux_gnu
[libdnf-sys 0.1.0] cargo:rerun-if-env-changed=HOST_PKG_CONFIG_PATH
[libdnf-sys 0.1.0] cargo:rerun-if-env-changed=PKG_CONFIG_PATH
[libdnf-sys 0.1.0] cargo:rerun-if-env-changed=PKG_CONFIG_LIBDIR_x86_64-unknown-linux-gnu
[libdnf-sys 0.1.0] cargo:rerun-if-env-changed=PKG_CONFIG_LIBDIR_x86_64_unknown_linux_gnu
[libdnf-sys 0.1.0] cargo:rerun-if-env-changed=HOST_PKG_CONFIG_LIBDIR
[libdnf-sys 0.1.0] cargo:rerun-if-env-changed=PKG_CONFIG_LIBDIR
[libdnf-sys 0.1.0] cargo:rerun-if-env-changed=PKG_CONFIG_SYSROOT_DIR_x86_64-unknown-linux-gnu
[libdnf-sys 0.1.0] cargo:rerun-if-env-changed=PKG_CONFIG_SYSROOT_DIR_x86_64_unknown_linux_gnu
[libdnf-sys 0.1.0] cargo:rerun-if-env-changed=HOST_PKG_CONFIG_SYSROOT_DIR
[libdnf-sys 0.1.0] cargo:rerun-if-env-changed=PKG_CONFIG_SYSROOT_DIR
[libdnf-sys 0.1.0] cargo:rerun-if-env-changed=PKG_CONFIG_SYSROOT_DIR
[libdnf-sys 0.1.0] cargo:rerun-if-env-changed=SYSROOT
[libdnf-sys 0.1.0] cargo:rerun-if-env-changed=PKG_CONFIG_x86_64-unknown-linux-gnu
[libdnf-sys 0.1.0] cargo:rerun-if-env-changed=PKG_CONFIG_x86_64_unknown_linux_gnu
[libdnf-sys 0.1.0] cargo:rerun-if-env-changed=HOST_PKG_CONFIG
[libdnf-sys 0.1.0] cargo:rerun-if-env-changed=PKG_CONFIG
[libdnf-sys 0.1.0] cargo:rerun-if-env-changed=PKG_CONFIG_PATH_x86_64-unknown-linux-gnu
[libdnf-sys 0.1.0] cargo:rerun-if-env-changed=PKG_CONFIG_PATH_x86_64_unknown_linux_gnu
[libdnf-sys 0.1.0] cargo:rerun-if-env-changed=HOST_PKG_CONFIG_PATH
[libdnf-sys 0.1.0] cargo:rerun-if-env-changed=PKG_CONFIG_PATH
[libdnf-sys 0.1.0] cargo:rerun-if-env-changed=PKG_CONFIG_LIBDIR_x86_64-unknown-linux-gnu
[libdnf-sys 0.1.0] cargo:rerun-if-env-changed=PKG_CONFIG_LIBDIR_x86_64_unknown_linux_gnu
[libdnf-sys 0.1.0] cargo:rerun-if-env-changed=HOST_PKG_CONFIG_LIBDIR
[libdnf-sys 0.1.0] cargo:rerun-if-env-changed=PKG_CONFIG_LIBDIR
[libdnf-sys 0.1.0] cargo:rerun-if-env-changed=PKG_CONFIG_SYSROOT_DIR_x86_64-unknown-linux-gnu
[libdnf-sys 0.1.0] cargo:rerun-if-env-changed=PKG_CONFIG_SYSROOT_DIR_x86_64_unknown_linux_gnu
[libdnf-sys 0.1.0] cargo:rerun-if-env-changed=HOST_PKG_CONFIG_SYSROOT_DIR
[libdnf-sys 0.1.0] cargo:rerun-if-env-changed=PKG_CONFIG_SYSROOT_DIR
[libdnf-sys 0.1.0] cargo:rerun-if-env-changed=LIBCURL_NO_PKG_CONFIG
[libdnf-sys 0.1.0] cargo:rerun-if-env-changed=PKG_CONFIG_x86_64-unknown-linux-gnu
[libdnf-sys 0.1.0] cargo:rerun-if-env-changed=PKG_CONFIG_x86_64_unknown_linux_gnu
[libdnf-sys 0.1.0] cargo:rerun-if-env-changed=HOST_PKG_CONFIG
[libdnf-sys 0.1.0] cargo:rerun-if-env-changed=PKG_CONFIG
[libdnf-sys 0.1.0] cargo:rerun-if-env-changed=PKG_CONFIG_PATH_x86_64-unknown-linux-gnu
[libdnf-sys 0.1.0] cargo:rerun-if-env-changed=PKG_CONFIG_PATH_x86_64_unknown_linux_gnu
[libdnf-sys 0.1.0] cargo:rerun-if-env-changed=HOST_PKG_CONFIG_PATH
[libdnf-sys 0.1.0] cargo:rerun-if-env-changed=PKG_CONFIG_PATH
[libdnf-sys 0.1.0] cargo:rerun-if-env-changed=PKG_CONFIG_LIBDIR_x86_64-unknown-linux-gnu
[libdnf-sys 0.1.0] cargo:rerun-if-env-changed=PKG_CONFIG_LIBDIR_x86_64_unknown_linux_gnu
[libdnf-sys 0.1.0] cargo:rerun-if-env-changed=HOST_PKG_CONFIG_LIBDIR
[libdnf-sys 0.1.0] cargo:rerun-if-env-changed=PKG_CONFIG_LIBDIR
[libdnf-sys 0.1.0] cargo:rerun-if-env-changed=PKG_CONFIG_SYSROOT_DIR_x86_64-unknown-linux-gnu
[libdnf-sys 0.1.0] cargo:rerun-if-env-changed=PKG_CONFIG_SYSROOT_DIR_x86_64_unknown_linux_gnu
[libdnf-sys 0.1.0] cargo:rerun-if-env-changed=HOST_PKG_CONFIG_SYSROOT_DIR
[libdnf-sys 0.1.0] cargo:rerun-if-env-changed=PKG_CONFIG_SYSROOT_DIR
[libdnf-sys 0.1.0] cargo:rerun-if-env-changed=PKG_CONFIG_SYSROOT_DIR
[libdnf-sys 0.1.0] cargo:rerun-if-env-changed=SYSROOT
[libdnf-sys 0.1.0] cargo:rerun-if-env-changed=PKG_CONFIG_x86_64-unknown-linux-gnu
[libdnf-sys 0.1.0] cargo:rerun-if-env-changed=PKG_CONFIG_x86_64_unknown_linux_gnu
[libdnf-sys 0.1.0] cargo:rerun-if-env-changed=HOST_PKG_CONFIG
[libdnf-sys 0.1.0] cargo:rerun-if-env-changed=PKG_CONFIG
[libdnf-sys 0.1.0] cargo:rerun-if-env-changed=PKG_CONFIG_PATH_x86_64-unknown-linux-gnu
[libdnf-sys 0.1.0] cargo:rerun-if-env-changed=PKG_CONFIG_PATH_x86_64_unknown_linux_gnu
[libdnf-sys 0.1.0] cargo:rerun-if-env-changed=HOST_PKG_CONFIG_PATH
[libdnf-sys 0.1.0] cargo:rerun-if-env-changed=PKG_CONFIG_PATH
[libdnf-sys 0.1.0] cargo:rerun-if-env-changed=PKG_CONFIG_LIBDIR_x86_64-unknown-linux-gnu
[libdnf-sys 0.1.0] cargo:rerun-if-env-changed=PKG_CONFIG_LIBDIR_x86_64_unknown_linux_gnu
[libdnf-sys 0.1.0] cargo:rerun-if-env-changed=HOST_PKG_CONFIG_LIBDIR
[libdnf-sys 0.1.0] cargo:rerun-if-env-changed=PKG_CONFIG_LIBDIR
[libdnf-sys 0.1.0] cargo:rerun-if-env-changed=PKG_CONFIG_SYSROOT_DIR_x86_64-unknown-linux-gnu
[libdnf-sys 0.1.0] cargo:rerun-if-env-changed=PKG_CONFIG_SYSROOT_DIR_x86_64_unknown_linux_gnu
[libdnf-sys 0.1.0] cargo:rerun-if-env-changed=HOST_PKG_CONFIG_SYSROOT_DIR
[libdnf-sys 0.1.0] cargo:rerun-if-env-changed=PKG_CONFIG_SYSROOT_DIR
[libdnf-sys 0.1.0] cargo:rerun-if-env-changed=LIBREPO_NO_PKG_CONFIG
[libdnf-sys 0.1.0] cargo:rerun-if-env-changed=PKG_CONFIG_x86_64-unknown-linux-gnu
[libdnf-sys 0.1.0] cargo:rerun-if-env-changed=PKG_CONFIG_x86_64_unknown_linux_gnu
[libdnf-sys 0.1.0] cargo:rerun-if-env-changed=HOST_PKG_CONFIG
[libdnf-sys 0.1.0] cargo:rerun-if-env-changed=PKG_CONFIG
[libdnf-sys 0.1.0] cargo:rerun-if-env-changed=PKG_CONFIG_PATH_x86_64-unknown-linux-gnu
[libdnf-sys 0.1.0] cargo:rerun-if-env-changed=PKG_CONFIG_PATH_x86_64_unknown_linux_gnu
[libdnf-sys 0.1.0] cargo:rerun-if-env-changed=HOST_PKG_CONFIG_PATH
[libdnf-sys 0.1.0] cargo:rerun-if-env-changed=PKG_CONFIG_PATH
[libdnf-sys 0.1.0] cargo:rerun-if-env-changed=PKG_CONFIG_LIBDIR_x86_64-unknown-linux-gnu
[libdnf-sys 0.1.0] cargo:rerun-if-env-changed=PKG_CONFIG_LIBDIR_x86_64_unknown_linux_gnu
[libdnf-sys 0.1.0] cargo:rerun-if-env-changed=HOST_PKG_CONFIG_LIBDIR
[libdnf-sys 0.1.0] cargo:rerun-if-env-changed=PKG_CONFIG_LIBDIR
[libdnf-sys 0.1.0] cargo:rerun-if-env-changed=PKG_CONFIG_SYSROOT_DIR_x86_64-unknown-linux-gnu
[libdnf-sys 0.1.0] cargo:rerun-if-env-changed=PKG_CONFIG_SYSROOT_DIR_x86_64_unknown_linux_gnu
[libdnf-sys 0.1.0] cargo:rerun-if-env-changed=HOST_PKG_CONFIG_SYSROOT_DIR
[libdnf-sys 0.1.0] cargo:rerun-if-env-changed=PKG_CONFIG_SYSROOT_DIR
[libdnf-sys 0.1.0] cargo:rerun-if-env-changed=PKG_CONFIG_SYSROOT_DIR
[libdnf-sys 0.1.0] cargo:rerun-if-env-changed=SYSROOT
[libdnf-sys 0.1.0] cargo:rerun-if-env-changed=PKG_CONFIG_x86_64-unknown-linux-gnu
[libdnf-sys 0.1.0] cargo:rerun-if-env-changed=PKG_CONFIG_x86_64_unknown_linux_gnu
[libdnf-sys 0.1.0] cargo:rerun-if-env-changed=HOST_PKG_CONFIG
[libdnf-sys 0.1.0] cargo:rerun-if-env-changed=PKG_CONFIG
[libdnf-sys 0.1.0] cargo:rerun-if-env-changed=PKG_CONFIG_PATH_x86_64-unknown-linux-gnu
[libdnf-sys 0.1.0] cargo:rerun-if-env-changed=PKG_CONFIG_PATH_x86_64_unknown_linux_gnu
[libdnf-sys 0.1.0] cargo:rerun-if-env-changed=HOST_PKG_CONFIG_PATH
[libdnf-sys 0.1.0] cargo:rerun-if-env-changed=PKG_CONFIG_PATH
[libdnf-sys 0.1.0] cargo:rerun-if-env-changed=PKG_CONFIG_LIBDIR_x86_64-unknown-linux-gnu
[libdnf-sys 0.1.0] cargo:rerun-if-env-changed=PKG_CONFIG_LIBDIR_x86_64_unknown_linux_gnu
[libdnf-sys 0.1.0] cargo:rerun-if-env-changed=HOST_PKG_CONFIG_LIBDIR
[libdnf-sys 0.1.0] cargo:rerun-if-env-changed=PKG_CONFIG_LIBDIR
[libdnf-sys 0.1.0] cargo:rerun-if-env-changed=PKG_CONFIG_SYSROOT_DIR_x86_64-unknown-linux-gnu
[libdnf-sys 0.1.0] cargo:rerun-if-env-changed=PKG_CONFIG_SYSROOT_DIR_x86_64_unknown_linux_gnu
[libdnf-sys 0.1.0] cargo:rerun-if-env-changed=HOST_PKG_CONFIG_SYSROOT_DIR
[libdnf-sys 0.1.0] cargo:rerun-if-env-changed=PKG_CONFIG_SYSROOT_DIR
[libdnf-sys 0.1.0] cargo:rerun-if-env-changed=LIBSOLV_NO_PKG_CONFIG
[libdnf-sys 0.1.0] cargo:rerun-if-env-changed=PKG_CONFIG_x86_64-unknown-linux-gnu
[libdnf-sys 0.1.0] cargo:rerun-if-env-changed=PKG_CONFIG_x86_64_unknown_linux_gnu
[libdnf-sys 0.1.0] cargo:rerun-if-env-changed=HOST_PKG_CONFIG
[libdnf-sys 0.1.0] cargo:rerun-if-env-changed=PKG_CONFIG
[libdnf-sys 0.1.0] cargo:rerun-if-env-changed=PKG_CONFIG_PATH_x86_64-unknown-linux-gnu
[libdnf-sys 0.1.0] cargo:rerun-if-env-changed=PKG_CONFIG_PATH_x86_64_unknown_linux_gnu
[libdnf-sys 0.1.0] cargo:rerun-if-env-changed=HOST_PKG_CONFIG_PATH
[libdnf-sys 0.1.0] cargo:rerun-if-env-changed=PKG_CONFIG_PATH
[libdnf-sys 0.1.0] cargo:rerun-if-env-changed=PKG_CONFIG_LIBDIR_x86_64-unknown-linux-gnu
[libdnf-sys 0.1.0] cargo:rerun-if-env-changed=PKG_CONFIG_LIBDIR_x86_64_unknown_linux_gnu
[libdnf-sys 0.1.0] cargo:rerun-if-env-changed=HOST_PKG_CONFIG_LIBDIR
[libdnf-sys 0.1.0] cargo:rerun-if-env-changed=PKG_CONFIG_LIBDIR
[libdnf-sys 0.1.0] cargo:rerun-if-env-changed=PKG_CONFIG_SYSROOT_DIR_x86_64-unknown-linux-gnu
[libdnf-sys 0.1.0] cargo:rerun-if-env-changed=PKG_CONFIG_SYSROOT_DIR_x86_64_unknown_linux_gnu
[libdnf-sys 0.1.0] cargo:rerun-if-env-changed=HOST_PKG_CONFIG_SYSROOT_DIR
[libdnf-sys 0.1.0] cargo:rerun-if-env-changed=PKG_CONFIG_SYSROOT_DIR
[libdnf-sys 0.1.0] cargo:rerun-if-env-changed=PKG_CONFIG_SYSROOT_DIR
[libdnf-sys 0.1.0] cargo:rerun-if-env-changed=SYSROOT
[libdnf-sys 0.1.0] cargo:rerun-if-env-changed=PKG_CONFIG_x86_64-unknown-linux-gnu
[libdnf-sys 0.1.0] cargo:rerun-if-env-changed=PKG_CONFIG_x86_64_unknown_linux_gnu
[libdnf-sys 0.1.0] cargo:rerun-if-env-changed=HOST_PKG_CONFIG
[libdnf-sys 0.1.0] cargo:rerun-if-env-changed=PKG_CONFIG
[libdnf-sys 0.1.0] cargo:rerun-if-env-changed=PKG_CONFIG_PATH_x86_64-unknown-linux-gnu
[libdnf-sys 0.1.0] cargo:rerun-if-env-changed=PKG_CONFIG_PATH_x86_64_unknown_linux_gnu
[libdnf-sys 0.1.0] cargo:rerun-if-env-changed=HOST_PKG_CONFIG_PATH
[libdnf-sys 0.1.0] cargo:rerun-if-env-changed=PKG_CONFIG_PATH
[libdnf-sys 0.1.0] cargo:rerun-if-env-changed=PKG_CONFIG_LIBDIR_x86_64-unknown-linux-gnu
[libdnf-sys 0.1.0] cargo:rerun-if-env-changed=PKG_CONFIG_LIBDIR_x86_64_unknown_linux_gnu
[libdnf-sys 0.1.0] cargo:rerun-if-env-changed=HOST_PKG_CONFIG_LIBDIR
[libdnf-sys 0.1.0] cargo:rerun-if-env-changed=PKG_CONFIG_LIBDIR
[libdnf-sys 0.1.0] cargo:rerun-if-env-changed=PKG_CONFIG_SYSROOT_DIR_x86_64-unknown-linux-gnu
[libdnf-sys 0.1.0] cargo:rerun-if-env-changed=PKG_CONFIG_SYSROOT_DIR_x86_64_unknown_linux_gnu
[libdnf-sys 0.1.0] cargo:rerun-if-env-changed=HOST_PKG_CONFIG_SYSROOT_DIR
[libdnf-sys 0.1.0] cargo:rerun-if-env-changed=PKG_CONFIG_SYSROOT_DIR
[libdnf-sys 0.1.0] cargo:rerun-if-env-changed=LIBSOLVEXT_NO_PKG_CONFIG
[libdnf-sys 0.1.0] cargo:rerun-if-env-changed=PKG_CONFIG_x86_64-unknown-linux-gnu
[libdnf-sys 0.1.0] cargo:rerun-if-env-changed=PKG_CONFIG_x86_64_unknown_linux_gnu
[libdnf-sys 0.1.0] cargo:rerun-if-env-changed=HOST_PKG_CONFIG
[libdnf-sys 0.1.0] cargo:rerun-if-env-changed=PKG_CONFIG
[libdnf-sys 0.1.0] cargo:rerun-if-env-changed=PKG_CONFIG_PATH_x86_64-unknown-linux-gnu
[libdnf-sys 0.1.0] cargo:rerun-if-env-changed=PKG_CONFIG_PATH_x86_64_unknown_linux_gnu
[libdnf-sys 0.1.0] cargo:rerun-if-env-changed=HOST_PKG_CONFIG_PATH
[libdnf-sys 0.1.0] cargo:rerun-if-env-changed=PKG_CONFIG_PATH
[libdnf-sys 0.1.0] cargo:rerun-if-env-changed=PKG_CONFIG_LIBDIR_x86_64-unknown-linux-gnu
[libdnf-sys 0.1.0] cargo:rerun-if-env-changed=PKG_CONFIG_LIBDIR_x86_64_unknown_linux_gnu
[libdnf-sys 0.1.0] cargo:rerun-if-env-changed=HOST_PKG_CONFIG_LIBDIR
[libdnf-sys 0.1.0] cargo:rerun-if-env-changed=PKG_CONFIG_LIBDIR
[libdnf-sys 0.1.0] cargo:rerun-if-env-changed=PKG_CONFIG_SYSROOT_DIR_x86_64-unknown-linux-gnu
[libdnf-sys 0.1.0] cargo:rerun-if-env-changed=PKG_CONFIG_SYSROOT_DIR_x86_64_unknown_linux_gnu
[libdnf-sys 0.1.0] cargo:rerun-if-env-changed=HOST_PKG_CONFIG_SYSROOT_DIR
[libdnf-sys 0.1.0] cargo:rerun-if-env-changed=PKG_CONFIG_SYSROOT_DIR
[libdnf-sys 0.1.0] cargo:rerun-if-env-changed=PKG_CONFIG_SYSROOT_DIR
[libdnf-sys 0.1.0] cargo:rerun-if-env-changed=SYSROOT
[libdnf-sys 0.1.0] cargo:rerun-if-env-changed=PKG_CONFIG_x86_64-unknown-linux-gnu
[libdnf-sys 0.1.0] cargo:rerun-if-env-changed=PKG_CONFIG_x86_64_unknown_linux_gnu
[libdnf-sys 0.1.0] cargo:rerun-if-env-changed=HOST_PKG_CONFIG
[libdnf-sys 0.1.0] cargo:rerun-if-env-changed=PKG_CONFIG
[libdnf-sys 0.1.0] cargo:rerun-if-env-changed=PKG_CONFIG_PATH_x86_64-unknown-linux-gnu
[libdnf-sys 0.1.0] cargo:rerun-if-env-changed=PKG_CONFIG_PATH_x86_64_unknown_linux_gnu
[libdnf-sys 0.1.0] cargo:rerun-if-env-changed=HOST_PKG_CONFIG_PATH
[libdnf-sys 0.1.0] cargo:rerun-if-env-changed=PKG_CONFIG_PATH
[libdnf-sys 0.1.0] cargo:rerun-if-env-changed=PKG_CONFIG_LIBDIR_x86_64-unknown-linux-gnu
[libdnf-sys 0.1.0] cargo:rerun-if-env-changed=PKG_CONFIG_LIBDIR_x86_64_unknown_linux_gnu
[libdnf-sys 0.1.0] cargo:rerun-if-env-changed=HOST_PKG_CONFIG_LIBDIR
[libdnf-sys 0.1.0] cargo:rerun-if-env-changed=PKG_CONFIG_LIBDIR
[libdnf-sys 0.1.0] cargo:rerun-if-env-changed=PKG_CONFIG_SYSROOT_DIR_x86_64-unknown-linux-gnu
[libdnf-sys 0.1.0] cargo:rerun-if-env-changed=PKG_CONFIG_SYSROOT_DIR_x86_64_unknown_linux_gnu
[libdnf-sys 0.1.0] cargo:rerun-if-env-changed=HOST_PKG_CONFIG_SYSROOT_DIR
[libdnf-sys 0.1.0] cargo:rerun-if-env-changed=PKG_CONFIG_SYSROOT_DIR
[libdnf-sys 0.1.0] cargo:rerun-if-env-changed=MODULEMD_2.0_NO_PKG_CONFIG
[libdnf-sys 0.1.0] cargo:rerun-if-env-changed=PKG_CONFIG_x86_64-unknown-linux-gnu
[libdnf-sys 0.1.0] cargo:rerun-if-env-changed=PKG_CONFIG_x86_64_unknown_linux_gnu
[libdnf-sys 0.1.0] cargo:rerun-if-env-changed=HOST_PKG_CONFIG
[libdnf-sys 0.1.0] cargo:rerun-if-env-changed=PKG_CONFIG
[libdnf-sys 0.1.0] cargo:rerun-if-env-changed=PKG_CONFIG_PATH_x86_64-unknown-linux-gnu
[libdnf-sys 0.1.0] cargo:rerun-if-env-changed=PKG_CONFIG_PATH_x86_64_unknown_linux_gnu
[libdnf-sys 0.1.0] cargo:rerun-if-env-changed=HOST_PKG_CONFIG_PATH
[libdnf-sys 0.1.0] cargo:rerun-if-env-changed=PKG_CONFIG_PATH
[libdnf-sys 0.1.0] cargo:rerun-if-env-changed=PKG_CONFIG_LIBDIR_x86_64-unknown-linux-gnu
[libdnf-sys 0.1.0] cargo:rerun-if-env-changed=PKG_CONFIG_LIBDIR_x86_64_unknown_linux_gnu
[libdnf-sys 0.1.0] cargo:rerun-if-env-changed=HOST_PKG_CONFIG_LIBDIR
[libdnf-sys 0.1.0] cargo:rerun-if-env-changed=PKG_CONFIG_LIBDIR
[libdnf-sys 0.1.0] cargo:rerun-if-env-changed=PKG_CONFIG_SYSROOT_DIR_x86_64-unknown-linux-gnu
[libdnf-sys 0.1.0] cargo:rerun-if-env-changed=PKG_CONFIG_SYSROOT_DIR_x86_64_unknown_linux_gnu
[libdnf-sys 0.1.0] cargo:rerun-if-env-changed=HOST_PKG_CONFIG_SYSROOT_DIR
[libdnf-sys 0.1.0] cargo:rerun-if-env-changed=PKG_CONFIG_SYSROOT_DIR
[libdnf-sys 0.1.0] cargo:rerun-if-env-changed=PKG_CONFIG_SYSROOT_DIR
[libdnf-sys 0.1.0] cargo:rerun-if-env-changed=SYSROOT
[libdnf-sys 0.1.0] cargo:rerun-if-env-changed=PKG_CONFIG_x86_64-unknown-linux-gnu
[libdnf-sys 0.1.0] cargo:rerun-if-env-changed=PKG_CONFIG_x86_64_unknown_linux_gnu
[libdnf-sys 0.1.0] cargo:rerun-if-env-changed=HOST_PKG_CONFIG
[libdnf-sys 0.1.0] cargo:rerun-if-env-changed=PKG_CONFIG
[libdnf-sys 0.1.0] cargo:rerun-if-env-changed=PKG_CONFIG_PATH_x86_64-unknown-linux-gnu
[libdnf-sys 0.1.0] cargo:rerun-if-env-changed=PKG_CONFIG_PATH_x86_64_unknown_linux_gnu
[libdnf-sys 0.1.0] cargo:rerun-if-env-changed=HOST_PKG_CONFIG_PATH
[libdnf-sys 0.1.0] cargo:rerun-if-env-changed=PKG_CONFIG_PATH
[libdnf-sys 0.1.0] cargo:rerun-if-env-changed=PKG_CONFIG_LIBDIR_x86_64-unknown-linux-gnu
[libdnf-sys 0.1.0] cargo:rerun-if-env-changed=PKG_CONFIG_LIBDIR_x86_64_unknown_linux_gnu
[libdnf-sys 0.1.0] cargo:rerun-if-env-changed=HOST_PKG_CONFIG_LIBDIR
[libdnf-sys 0.1.0] cargo:rerun-if-env-changed=PKG_CONFIG_LIBDIR
[libdnf-sys 0.1.0] cargo:rerun-if-env-changed=PKG_CONFIG_SYSROOT_DIR_x86_64-unknown-linux-gnu
[libdnf-sys 0.1.0] cargo:rerun-if-env-changed=PKG_CONFIG_SYSROOT_DIR_x86_64_unknown_linux_gnu
[libdnf-sys 0.1.0] cargo:rerun-if-env-changed=HOST_PKG_CONFIG_SYSROOT_DIR
[libdnf-sys 0.1.0] cargo:rerun-if-env-changed=PKG_CONFIG_SYSROOT_DIR
[libdnf-sys 0.1.0] cargo:rerun-if-env-changed=OPENSSL_NO_PKG_CONFIG
[libdnf-sys 0.1.0] cargo:rerun-if-env-changed=PKG_CONFIG_x86_64-unknown-linux-gnu
[libdnf-sys 0.1.0] cargo:rerun-if-env-changed=PKG_CONFIG_x86_64_unknown_linux_gnu
[libdnf-sys 0.1.0] cargo:rerun-if-env-changed=HOST_PKG_CONFIG
[libdnf-sys 0.1.0] cargo:rerun-if-env-changed=PKG_CONFIG
[libdnf-sys 0.1.0] cargo:rerun-if-env-changed=PKG_CONFIG_PATH_x86_64-unknown-linux-gnu
[libdnf-sys 0.1.0] cargo:rerun-if-env-changed=PKG_CONFIG_PATH_x86_64_unknown_linux_gnu
[libdnf-sys 0.1.0] cargo:rerun-if-env-changed=HOST_PKG_CONFIG_PATH
[libdnf-sys 0.1.0] cargo:rerun-if-env-changed=PKG_CONFIG_PATH
[libdnf-sys 0.1.0] cargo:rerun-if-env-changed=PKG_CONFIG_LIBDIR_x86_64-unknown-linux-gnu
[libdnf-sys 0.1.0] cargo:rerun-if-env-changed=PKG_CONFIG_LIBDIR_x86_64_unknown_linux_gnu
[libdnf-sys 0.1.0] cargo:rerun-if-env-changed=HOST_PKG_CONFIG_LIBDIR
[libdnf-sys 0.1.0] cargo:rerun-if-env-changed=PKG_CONFIG_LIBDIR
[libdnf-sys 0.1.0] cargo:rerun-if-env-changed=PKG_CONFIG_SYSROOT_DIR_x86_64-unknown-linux-gnu
[libdnf-sys 0.1.0] cargo:rerun-if-env-changed=PKG_CONFIG_SYSROOT_DIR_x86_64_unknown_linux_gnu
[libdnf-sys 0.1.0] cargo:rerun-if-env-changed=HOST_PKG_CONFIG_SYSROOT_DIR
[libdnf-sys 0.1.0] cargo:rerun-if-env-changed=PKG_CONFIG_SYSROOT_DIR
[libdnf-sys 0.1.0] cargo:rerun-if-env-changed=PKG_CONFIG_SYSROOT_DIR
[libdnf-sys 0.1.0] cargo:rerun-if-env-changed=SYSROOT
[libdnf-sys 0.1.0] cargo:rerun-if-env-changed=PKG_CONFIG_x86_64-unknown-linux-gnu
[libdnf-sys 0.1.0] cargo:rerun-if-env-changed=PKG_CONFIG_x86_64_unknown_linux_gnu
[libdnf-sys 0.1.0] cargo:rerun-if-env-changed=HOST_PKG_CONFIG
[libdnf-sys 0.1.0] cargo:rerun-if-env-changed=PKG_CONFIG
[libdnf-sys 0.1.0] cargo:rerun-if-env-changed=PKG_CONFIG_PATH_x86_64-unknown-linux-gnu
[libdnf-sys 0.1.0] cargo:rerun-if-env-changed=PKG_CONFIG_PATH_x86_64_unknown_linux_gnu
[libdnf-sys 0.1.0] cargo:rerun-if-env-changed=HOST_PKG_CONFIG_PATH
[libdnf-sys 0.1.0] cargo:rerun-if-env-changed=PKG_CONFIG_PATH
[libdnf-sys 0.1.0] cargo:rerun-if-env-changed=PKG_CONFIG_LIBDIR_x86_64-unknown-linux-gnu
[libdnf-sys 0.1.0] cargo:rerun-if-env-changed=PKG_CONFIG_LIBDIR_x86_64_unknown_linux_gnu
[libdnf-sys 0.1.0] cargo:rerun-if-env-changed=HOST_PKG_CONFIG_LIBDIR
[libdnf-sys 0.1.0] cargo:rerun-if-env-changed=PKG_CONFIG_LIBDIR
[libdnf-sys 0.1.0] cargo:rerun-if-env-changed=PKG_CONFIG_SYSROOT_DIR_x86_64-unknown-linux-gnu
[libdnf-sys 0.1.0] cargo:rerun-if-env-changed=PKG_CONFIG_SYSROOT_DIR_x86_64_unknown_linux_gnu
[libdnf-sys 0.1.0] cargo:rerun-if-env-changed=HOST_PKG_CONFIG_SYSROOT_DIR
[libdnf-sys 0.1.0] cargo:rerun-if-env-changed=PKG_CONFIG_SYSROOT_DIR
[libdnf-sys 0.1.0] cargo:rerun-if-env-changed=RPM_NO_PKG_CONFIG
[libdnf-sys 0.1.0] cargo:rerun-if-env-changed=PKG_CONFIG_x86_64-unknown-linux-gnu
[libdnf-sys 0.1.0] cargo:rerun-if-env-changed=PKG_CONFIG_x86_64_unknown_linux_gnu
[libdnf-sys 0.1.0] cargo:rerun-if-env-changed=HOST_PKG_CONFIG
[libdnf-sys 0.1.0] cargo:rerun-if-env-changed=PKG_CONFIG
[libdnf-sys 0.1.0] cargo:rerun-if-env-changed=PKG_CONFIG_PATH_x86_64-unknown-linux-gnu
[libdnf-sys 0.1.0] cargo:rerun-if-env-changed=PKG_CONFIG_PATH_x86_64_unknown_linux_gnu
[libdnf-sys 0.1.0] cargo:rerun-if-env-changed=HOST_PKG_CONFIG_PATH
[libdnf-sys 0.1.0] cargo:rerun-if-env-changed=PKG_CONFIG_PATH
[libdnf-sys 0.1.0] cargo:rerun-if-env-changed=PKG_CONFIG_LIBDIR_x86_64-unknown-linux-gnu
[libdnf-sys 0.1.0] cargo:rerun-if-env-changed=PKG_CONFIG_LIBDIR_x86_64_unknown_linux_gnu
[libdnf-sys 0.1.0] cargo:rerun-if-env-changed=HOST_PKG_CONFIG_LIBDIR
[libdnf-sys 0.1.0] cargo:rerun-if-env-changed=PKG_CONFIG_LIBDIR
[libdnf-sys 0.1.0] cargo:rerun-if-env-changed=PKG_CONFIG_SYSROOT_DIR_x86_64-unknown-linux-gnu
[libdnf-sys 0.1.0] cargo:rerun-if-env-changed=PKG_CONFIG_SYSROOT_DIR_x86_64_unknown_linux_gnu
[libdnf-sys 0.1.0] cargo:rerun-if-env-changed=HOST_PKG_CONFIG_SYSROOT_DIR
[libdnf-sys 0.1.0] cargo:rerun-if-env-changed=PKG_CONFIG_SYSROOT_DIR
[libdnf-sys 0.1.0] cargo:rerun-if-env-changed=PKG_CONFIG_SYSROOT_DIR
[libdnf-sys 0.1.0] cargo:rerun-if-env-changed=SYSROOT
[libdnf-sys 0.1.0] cargo:rerun-if-env-changed=PKG_CONFIG_x86_64-unknown-linux-gnu
[libdnf-sys 0.1.0] cargo:rerun-if-env-changed=PKG_CONFIG_x86_64_unknown_linux_gnu
[libdnf-sys 0.1.0] cargo:rerun-if-env-changed=HOST_PKG_CONFIG
[libdnf-sys 0.1.0] cargo:rerun-if-env-changed=PKG_CONFIG
[libdnf-sys 0.1.0] cargo:rerun-if-env-changed=PKG_CONFIG_PATH_x86_64-unknown-linux-gnu
[libdnf-sys 0.1.0] cargo:rerun-if-env-changed=PKG_CONFIG_PATH_x86_64_unknown_linux_gnu
[libdnf-sys 0.1.0] cargo:rerun-if-env-changed=HOST_PKG_CONFIG_PATH
[libdnf-sys 0.1.0] cargo:rerun-if-env-changed=PKG_CONFIG_PATH
[libdnf-sys 0.1.0] cargo:rerun-if-env-changed=PKG_CONFIG_LIBDIR_x86_64-unknown-linux-gnu
[libdnf-sys 0.1.0] cargo:rerun-if-env-changed=PKG_CONFIG_LIBDIR_x86_64_unknown_linux_gnu
[libdnf-sys 0.1.0] cargo:rerun-if-env-changed=HOST_PKG_CONFIG_LIBDIR
[libdnf-sys 0.1.0] cargo:rerun-if-env-changed=PKG_CONFIG_LIBDIR
[libdnf-sys 0.1.0] cargo:rerun-if-env-changed=PKG_CONFIG_SYSROOT_DIR_x86_64-unknown-linux-gnu
[libdnf-sys 0.1.0] cargo:rerun-if-env-changed=PKG_CONFIG_SYSROOT_DIR_x86_64_unknown_linux_gnu
[libdnf-sys 0.1.0] cargo:rerun-if-env-changed=HOST_PKG_CONFIG_SYSROOT_DIR
[libdnf-sys 0.1.0] cargo:rerun-if-env-changed=PKG_CONFIG_SYSROOT_DIR
[libdnf-sys 0.1.0] cargo:rerun-if-env-changed=SQLITE3_NO_PKG_CONFIG
[libdnf-sys 0.1.0] cargo:rerun-if-env-changed=PKG_CONFIG_x86_64-unknown-linux-gnu
[libdnf-sys 0.1.0] cargo:rerun-if-env-changed=PKG_CONFIG_x86_64_unknown_linux_gnu
[libdnf-sys 0.1.0] cargo:rerun-if-env-changed=HOST_PKG_CONFIG
[libdnf-sys 0.1.0] cargo:rerun-if-env-changed=PKG_CONFIG
[libdnf-sys 0.1.0] cargo:rerun-if-env-changed=PKG_CONFIG_PATH_x86_64-unknown-linux-gnu
[libdnf-sys 0.1.0] cargo:rerun-if-env-changed=PKG_CONFIG_PATH_x86_64_unknown_linux_gnu
[libdnf-sys 0.1.0] cargo:rerun-if-env-changed=HOST_PKG_CONFIG_PATH
[libdnf-sys 0.1.0] cargo:rerun-if-env-changed=PKG_CONFIG_PATH
[libdnf-sys 0.1.0] cargo:rerun-if-env-changed=PKG_CONFIG_LIBDIR_x86_64-unknown-linux-gnu
[libdnf-sys 0.1.0] cargo:rerun-if-env-changed=PKG_CONFIG_LIBDIR_x86_64_unknown_linux_gnu
[libdnf-sys 0.1.0] cargo:rerun-if-env-changed=HOST_PKG_CONFIG_LIBDIR
[libdnf-sys 0.1.0] cargo:rerun-if-env-changed=PKG_CONFIG_LIBDIR
[libdnf-sys 0.1.0] cargo:rerun-if-env-changed=PKG_CONFIG_SYSROOT_DIR_x86_64-unknown-linux-gnu
[libdnf-sys 0.1.0] cargo:rerun-if-env-changed=PKG_CONFIG_SYSROOT_DIR_x86_64_unknown_linux_gnu
[libdnf-sys 0.1.0] cargo:rerun-if-env-changed=HOST_PKG_CONFIG_SYSROOT_DIR
[libdnf-sys 0.1.0] cargo:rerun-if-env-changed=PKG_CONFIG_SYSROOT_DIR
[libdnf-sys 0.1.0] cargo:rerun-if-env-changed=PKG_CONFIG_SYSROOT_DIR
[libdnf-sys 0.1.0] cargo:rerun-if-env-changed=SYSROOT
[libdnf-sys 0.1.0] cargo:rerun-if-env-changed=PKG_CONFIG_x86_64-unknown-linux-gnu
[libdnf-sys 0.1.0] cargo:rerun-if-env-changed=PKG_CONFIG_x86_64_unknown_linux_gnu
[libdnf-sys 0.1.0] cargo:rerun-if-env-changed=HOST_PKG_CONFIG
[libdnf-sys 0.1.0] cargo:rerun-if-env-changed=PKG_CONFIG
[libdnf-sys 0.1.0] cargo:rerun-if-env-changed=PKG_CONFIG_PATH_x86_64-unknown-linux-gnu
[libdnf-sys 0.1.0] cargo:rerun-if-env-changed=PKG_CONFIG_PATH_x86_64_unknown_linux_gnu
[libdnf-sys 0.1.0] cargo:rerun-if-env-changed=HOST_PKG_CONFIG_PATH
[libdnf-sys 0.1.0] cargo:rerun-if-env-changed=PKG_CONFIG_PATH
[libdnf-sys 0.1.0] cargo:rerun-if-env-changed=PKG_CONFIG_LIBDIR_x86_64-unknown-linux-gnu
[libdnf-sys 0.1.0] cargo:rerun-if-env-changed=PKG_CONFIG_LIBDIR_x86_64_unknown_linux_gnu
[libdnf-sys 0.1.0] cargo:rerun-if-env-changed=HOST_PKG_CONFIG_LIBDIR
[libdnf-sys 0.1.0] cargo:rerun-if-env-changed=PKG_CONFIG_LIBDIR
[libdnf-sys 0.1.0] cargo:rerun-if-env-changed=PKG_CONFIG_SYSROOT_DIR_x86_64-unknown-linux-gnu
[libdnf-sys 0.1.0] cargo:rerun-if-env-changed=PKG_CONFIG_SYSROOT_DIR_x86_64_unknown_linux_gnu
[libdnf-sys 0.1.0] cargo:rerun-if-env-changed=HOST_PKG_CONFIG_SYSROOT_DIR
[libdnf-sys 0.1.0] cargo:rerun-if-env-changed=PKG_CONFIG_SYSROOT_DIR
[libdnf-sys 0.1.0] cargo:rerun-if-env-changed=ZCK_NO_PKG_CONFIG
[libdnf-sys 0.1.0] cargo:rerun-if-env-changed=PKG_CONFIG_x86_64-unknown-linux-gnu
[libdnf-sys 0.1.0] cargo:rerun-if-env-changed=PKG_CONFIG_x86_64_unknown_linux_gnu
[libdnf-sys 0.1.0] cargo:rerun-if-env-changed=HOST_PKG_CONFIG
[libdnf-sys 0.1.0] cargo:rerun-if-env-changed=PKG_CONFIG
[libdnf-sys 0.1.0] cargo:rerun-if-env-changed=PKG_CONFIG_PATH_x86_64-unknown-linux-gnu
[libdnf-sys 0.1.0] cargo:rerun-if-env-changed=PKG_CONFIG_PATH_x86_64_unknown_linux_gnu
[libdnf-sys 0.1.0] cargo:rerun-if-env-changed=HOST_PKG_CONFIG_PATH
[libdnf-sys 0.1.0] cargo:rerun-if-env-changed=PKG_CONFIG_PATH
[libdnf-sys 0.1.0] cargo:rerun-if-env-changed=PKG_CONFIG_LIBDIR_x86_64-unknown-linux-gnu
[libdnf-sys 0.1.0] cargo:rerun-if-env-changed=PKG_CONFIG_LIBDIR_x86_64_unknown_linux_gnu
[libdnf-sys 0.1.0] cargo:rerun-if-env-changed=HOST_PKG_CONFIG_LIBDIR
[libdnf-sys 0.1.0] cargo:rerun-if-env-changed=PKG_CONFIG_LIBDIR
[libdnf-sys 0.1.0] cargo:rerun-if-env-changed=PKG_CONFIG_SYSROOT_DIR_x86_64-unknown-linux-gnu
[libdnf-sys 0.1.0] cargo:rerun-if-env-changed=PKG_CONFIG_SYSROOT_DIR_x86_64_unknown_linux_gnu
[libdnf-sys 0.1.0] cargo:rerun-if-env-changed=HOST_PKG_CONFIG_SYSROOT_DIR
[libdnf-sys 0.1.0] cargo:rerun-if-env-changed=PKG_CONFIG_SYSROOT_DIR
[libdnf-sys 0.1.0] cargo:rerun-if-env-changed=PKG_CONFIG_SYSROOT_DIR
[libdnf-sys 0.1.0] cargo:rerun-if-env-changed=SYSROOT
[libdnf-sys 0.1.0] cargo:rerun-if-env-changed=PKG_CONFIG_x86_64-unknown-linux-gnu
[libdnf-sys 0.1.0] cargo:rerun-if-env-changed=PKG_CONFIG_x86_64_unknown_linux_gnu
[libdnf-sys 0.1.0] cargo:rerun-if-env-changed=HOST_PKG_CONFIG
[libdnf-sys 0.1.0] cargo:rerun-if-env-changed=PKG_CONFIG
[libdnf-sys 0.1.0] cargo:rerun-if-env-changed=PKG_CONFIG_PATH_x86_64-unknown-linux-gnu
[libdnf-sys 0.1.0] cargo:rerun-if-env-changed=PKG_CONFIG_PATH_x86_64_unknown_linux_gnu
[libdnf-sys 0.1.0] cargo:rerun-if-env-changed=HOST_PKG_CONFIG_PATH
[libdnf-sys 0.1.0] cargo:rerun-if-env-changed=PKG_CONFIG_PATH
[libdnf-sys 0.1.0] cargo:rerun-if-env-changed=PKG_CONFIG_LIBDIR_x86_64-unknown-linux-gnu
[libdnf-sys 0.1.0] cargo:rerun-if-env-changed=PKG_CONFIG_LIBDIR_x86_64_unknown_linux_gnu
[libdnf-sys 0.1.0] cargo:rerun-if-env-changed=HOST_PKG_CONFIG_LIBDIR
[libdnf-sys 0.1.0] cargo:rerun-if-env-changed=PKG_CONFIG_LIBDIR
[libdnf-sys 0.1.0] cargo:rerun-if-env-changed=PKG_CONFIG_SYSROOT_DIR_x86_64-unknown-linux-gnu
[libdnf-sys 0.1.0] cargo:rerun-if-env-changed=PKG_CONFIG_SYSROOT_DIR_x86_64_unknown_linux_gnu
[libdnf-sys 0.1.0] cargo:rerun-if-env-changed=HOST_PKG_CONFIG_SYSROOT_DIR
[libdnf-sys 0.1.0] cargo:rerun-if-env-changed=PKG_CONFIG_SYSROOT_DIR
[libdnf-sys 0.1.0] cargo:rustc-link-lib=glib-2.0
[libdnf-sys 0.1.0] cargo:rustc-link-lib=gpgme
[libdnf-sys 0.1.0] cargo:rustc-link-lib=json-c
[libdnf-sys 0.1.0] cargo:rustc-link-lib=curl
[libdnf-sys 0.1.0] cargo:rustc-link-lib=ssl
[libdnf-sys 0.1.0] cargo:rustc-link-lib=crypto
[libdnf-sys 0.1.0] cargo:rustc-link-lib=repo
[libdnf-sys 0.1.0] cargo:rustc-link-lib=glib-2.0
[libdnf-sys 0.1.0] cargo:rustc-link-lib=ssl
[libdnf-sys 0.1.0] cargo:rustc-link-lib=crypto
[libdnf-sys 0.1.0] cargo:rustc-link-lib=solv
[libdnf-sys 0.1.0] cargo:rustc-link-lib=solvext
[libdnf-sys 0.1.0] cargo:rustc-link-lib=solv
[libdnf-sys 0.1.0] cargo:rustc-link-lib=modulemd
[libdnf-sys 0.1.0] cargo:rustc-link-lib=gobject-2.0
[libdnf-sys 0.1.0] cargo:rustc-link-lib=glib-2.0
[libdnf-sys 0.1.0] cargo:rustc-link-lib=popt
[libdnf-sys 0.1.0] cargo:rustc-link-lib=ssl
[libdnf-sys 0.1.0] cargo:rustc-link-lib=crypto
[libdnf-sys 0.1.0] cargo:rustc-link-lib=rpm
[libdnf-sys 0.1.0] cargo:rustc-link-lib=rpmio
[libdnf-sys 0.1.0] cargo:rustc-link-lib=popt
[libdnf-sys 0.1.0] cargo:rustc-link-lib=sqlite3
[libdnf-sys 0.1.0] cargo:rustc-link-lib=zck
[libdnf-sys 0.1.0] cargo:rustc-link-lib=ssl
[libdnf-sys 0.1.0] cargo:rustc-link-lib=crypto
[libdnf-sys 0.1.0] cargo:include=/usr/include/glib-2.0:/usr/lib64/glib-2.0/include:/usr/include/sysprof-6:/usr/include:/usr/include/libassuan2:/usr/include:/usr/include/json-c:/usr/include:/usr/include:/usr/include/glib-2.0:/usr/lib64/glib-2.0/include:/usr/include/sysprof-6:/usr/include/libxml2:/usr/include:/usr/include:/usr/include/modulemd-2.0:/usr/include:/usr/include/glib-2.0:/usr/lib64/glib-2.0/include:/usr/include/sysprof-6:/usr/include:/usr/include:/usr/include:/usr/include
[libdnf-sys 0.1.0] cargo:rerun-if-env-changed=SYSTEM_DEPS_BUILD_INTERNAL
[libdnf-sys 0.1.0] cargo:rerun-if-env-changed=SYSTEM_DEPS_LINK
[libdnf-sys 0.1.0] cargo:rerun-if-env-changed=SYSTEM_DEPS_MODULEMD_LIB
[libdnf-sys 0.1.0] cargo:rerun-if-env-changed=SYSTEM_DEPS_MODULEMD_LIB_FRAMEWORK
[libdnf-sys 0.1.0] cargo:rerun-if-env-changed=SYSTEM_DEPS_MODULEMD_SEARCH_NATIVE
[libdnf-sys 0.1.0] cargo:rerun-if-env-changed=SYSTEM_DEPS_MODULEMD_SEARCH_FRAMEWORK
[libdnf-sys 0.1.0] cargo:rerun-if-env-changed=SYSTEM_DEPS_MODULEMD_INCLUDE
[libdnf-sys 0.1.0] cargo:rerun-if-env-changed=SYSTEM_DEPS_MODULEMD_LDFLAGS
[libdnf-sys 0.1.0] cargo:rerun-if-env-changed=SYSTEM_DEPS_MODULEMD_NO_PKG_CONFIG
[libdnf-sys 0.1.0] cargo:rerun-if-env-changed=SYSTEM_DEPS_MODULEMD_BUILD_INTERNAL
[libdnf-sys 0.1.0] cargo:rerun-if-env-changed=SYSTEM_DEPS_MODULEMD_LINK
[libdnf-sys 0.1.0] cargo:rerun-if-env-changed=SYSTEM_DEPS_LIBSOLVEXT_LIB
[libdnf-sys 0.1.0] cargo:rerun-if-env-changed=SYSTEM_DEPS_LIBSOLVEXT_LIB_FRAMEWORK
[libdnf-sys 0.1.0] cargo:rerun-if-env-changed=SYSTEM_DEPS_LIBSOLVEXT_SEARCH_NATIVE
[libdnf-sys 0.1.0] cargo:rerun-if-env-changed=SYSTEM_DEPS_LIBSOLVEXT_SEARCH_FRAMEWORK
[libdnf-sys 0.1.0] cargo:rerun-if-env-changed=SYSTEM_DEPS_LIBSOLVEXT_INCLUDE
[libdnf-sys 0.1.0] cargo:rerun-if-env-changed=SYSTEM_DEPS_LIBSOLVEXT_LDFLAGS
[libdnf-sys 0.1.0] cargo:rerun-if-env-changed=SYSTEM_DEPS_LIBSOLVEXT_NO_PKG_CONFIG
[libdnf-sys 0.1.0] cargo:rerun-if-env-changed=SYSTEM_DEPS_LIBSOLVEXT_BUILD_INTERNAL
[libdnf-sys 0.1.0] cargo:rerun-if-env-changed=SYSTEM_DEPS_LIBSOLVEXT_LINK
[libdnf-sys 0.1.0] cargo:rerun-if-env-changed=SYSTEM_DEPS_ZCK_LIB
[libdnf-sys 0.1.0] cargo:rerun-if-env-changed=SYSTEM_DEPS_ZCK_LIB_FRAMEWORK
[libdnf-sys 0.1.0] cargo:rerun-if-env-changed=SYSTEM_DEPS_ZCK_SEARCH_NATIVE
[libdnf-sys 0.1.0] cargo:rerun-if-env-changed=SYSTEM_DEPS_ZCK_SEARCH_FRAMEWORK
[libdnf-sys 0.1.0] cargo:rerun-if-env-changed=SYSTEM_DEPS_ZCK_INCLUDE
[libdnf-sys 0.1.0] cargo:rerun-if-env-changed=SYSTEM_DEPS_ZCK_LDFLAGS
[libdnf-sys 0.1.0] cargo:rerun-if-env-changed=SYSTEM_DEPS_ZCK_NO_PKG_CONFIG
[libdnf-sys 0.1.0] cargo:rerun-if-env-changed=SYSTEM_DEPS_ZCK_BUILD_INTERNAL
[libdnf-sys 0.1.0] cargo:rerun-if-env-changed=SYSTEM_DEPS_ZCK_LINK
[libdnf-sys 0.1.0] cargo:rerun-if-env-changed=SYSTEM_DEPS_LIBREPO_LIB
[libdnf-sys 0.1.0] cargo:rerun-if-env-changed=SYSTEM_DEPS_LIBREPO_LIB_FRAMEWORK
[libdnf-sys 0.1.0] cargo:rerun-if-env-changed=SYSTEM_DEPS_LIBREPO_SEARCH_NATIVE
[libdnf-sys 0.1.0] cargo:rerun-if-env-changed=SYSTEM_DEPS_LIBREPO_SEARCH_FRAMEWORK
[libdnf-sys 0.1.0] cargo:rerun-if-env-changed=SYSTEM_DEPS_LIBREPO_INCLUDE
[libdnf-sys 0.1.0] cargo:rerun-if-env-changed=SYSTEM_DEPS_LIBREPO_LDFLAGS
[libdnf-sys 0.1.0] cargo:rerun-if-env-changed=SYSTEM_DEPS_LIBREPO_NO_PKG_CONFIG
[libdnf-sys 0.1.0] cargo:rerun-if-env-changed=SYSTEM_DEPS_LIBREPO_BUILD_INTERNAL
[libdnf-sys 0.1.0] cargo:rerun-if-env-changed=SYSTEM_DEPS_LIBREPO_LINK
[libdnf-sys 0.1.0] cargo:rerun-if-env-changed=SYSTEM_DEPS_LIBSOLV_LIB
[libdnf-sys 0.1.0] cargo:rerun-if-env-changed=SYSTEM_DEPS_LIBSOLV_LIB_FRAMEWORK
[libdnf-sys 0.1.0] cargo:rerun-if-env-changed=SYSTEM_DEPS_LIBSOLV_SEARCH_NATIVE
[libdnf-sys 0.1.0] cargo:rerun-if-env-changed=SYSTEM_DEPS_LIBSOLV_SEARCH_FRAMEWORK
[libdnf-sys 0.1.0] cargo:rerun-if-env-changed=SYSTEM_DEPS_LIBSOLV_INCLUDE
[libdnf-sys 0.1.0] cargo:rerun-if-env-changed=SYSTEM_DEPS_LIBSOLV_LDFLAGS
[libdnf-sys 0.1.0] cargo:rerun-if-env-changed=SYSTEM_DEPS_LIBSOLV_NO_PKG_CONFIG
[libdnf-sys 0.1.0] cargo:rerun-if-env-changed=SYSTEM_DEPS_LIBSOLV_BUILD_INTERNAL
[libdnf-sys 0.1.0] cargo:rerun-if-env-changed=SYSTEM_DEPS_LIBSOLV_LINK
[libdnf-sys 0.1.0] cargo:rerun-if-env-changed=SYSTEM_DEPS_JSONC_LIB
[libdnf-sys 0.1.0] cargo:rerun-if-env-changed=SYSTEM_DEPS_JSONC_LIB_FRAMEWORK
[libdnf-sys 0.1.0] cargo:rerun-if-env-changed=SYSTEM_DEPS_JSONC_SEARCH_NATIVE
[libdnf-sys 0.1.0] cargo:rerun-if-env-changed=SYSTEM_DEPS_JSONC_SEARCH_FRAMEWORK
[libdnf-sys 0.1.0] cargo:rerun-if-env-changed=SYSTEM_DEPS_JSONC_INCLUDE
[libdnf-sys 0.1.0] cargo:rerun-if-env-changed=SYSTEM_DEPS_JSONC_LDFLAGS
[libdnf-sys 0.1.0] cargo:rerun-if-env-changed=SYSTEM_DEPS_JSONC_NO_PKG_CONFIG
[libdnf-sys 0.1.0] cargo:rerun-if-env-changed=SYSTEM_DEPS_JSONC_BUILD_INTERNAL
[libdnf-sys 0.1.0] cargo:rerun-if-env-changed=SYSTEM_DEPS_JSONC_LINK
[libdnf-sys 0.1.0] cargo:rerun-if-env-changed=SYSTEM_DEPS_LIBCURL_LIB
[libdnf-sys 0.1.0] cargo:rerun-if-env-changed=SYSTEM_DEPS_LIBCURL_LIB_FRAMEWORK
[libdnf-sys 0.1.0] cargo:rerun-if-env-changed=SYSTEM_DEPS_LIBCURL_SEARCH_NATIVE
[libdnf-sys 0.1.0] cargo:rerun-if-env-changed=SYSTEM_DEPS_LIBCURL_SEARCH_FRAMEWORK
[libdnf-sys 0.1.0] cargo:rerun-if-env-changed=SYSTEM_DEPS_LIBCURL_INCLUDE
[libdnf-sys 0.1.0] cargo:rerun-if-env-changed=SYSTEM_DEPS_LIBCURL_LDFLAGS
[libdnf-sys 0.1.0] cargo:rerun-if-env-changed=SYSTEM_DEPS_LIBCURL_NO_PKG_CONFIG
[libdnf-sys 0.1.0] cargo:rerun-if-env-changed=SYSTEM_DEPS_LIBCURL_BUILD_INTERNAL
[libdnf-sys 0.1.0] cargo:rerun-if-env-changed=SYSTEM_DEPS_LIBCURL_LINK
[libdnf-sys 0.1.0] cargo:rerun-if-env-changed=SYSTEM_DEPS_OPENSSL_LIB
[libdnf-sys 0.1.0] cargo:rerun-if-env-changed=SYSTEM_DEPS_OPENSSL_LIB_FRAMEWORK
[libdnf-sys 0.1.0] cargo:rerun-if-env-changed=SYSTEM_DEPS_OPENSSL_SEARCH_NATIVE
[libdnf-sys 0.1.0] cargo:rerun-if-env-changed=SYSTEM_DEPS_OPENSSL_SEARCH_FRAMEWORK
[libdnf-sys 0.1.0] cargo:rerun-if-env-changed=SYSTEM_DEPS_OPENSSL_INCLUDE
[libdnf-sys 0.1.0] cargo:rerun-if-env-changed=SYSTEM_DEPS_OPENSSL_LDFLAGS
[libdnf-sys 0.1.0] cargo:rerun-if-env-changed=SYSTEM_DEPS_OPENSSL_NO_PKG_CONFIG
[libdnf-sys 0.1.0] cargo:rerun-if-env-changed=SYSTEM_DEPS_OPENSSL_BUILD_INTERNAL
[libdnf-sys 0.1.0] cargo:rerun-if-env-changed=SYSTEM_DEPS_OPENSSL_LINK
[libdnf-sys 0.1.0] cargo:rerun-if-env-changed=SYSTEM_DEPS_RPM_LIB
[libdnf-sys 0.1.0] cargo:rerun-if-env-changed=SYSTEM_DEPS_RPM_LIB_FRAMEWORK
[libdnf-sys 0.1.0] cargo:rerun-if-env-changed=SYSTEM_DEPS_RPM_SEARCH_NATIVE
[libdnf-sys 0.1.0] cargo:rerun-if-env-changed=SYSTEM_DEPS_RPM_SEARCH_FRAMEWORK
[libdnf-sys 0.1.0] cargo:rerun-if-env-changed=SYSTEM_DEPS_RPM_INCLUDE
[libdnf-sys 0.1.0] cargo:rerun-if-env-changed=SYSTEM_DEPS_RPM_LDFLAGS
[libdnf-sys 0.1.0] cargo:rerun-if-env-changed=SYSTEM_DEPS_RPM_NO_PKG_CONFIG
[libdnf-sys 0.1.0] cargo:rerun-if-env-changed=SYSTEM_DEPS_RPM_BUILD_INTERNAL
[libdnf-sys 0.1.0] cargo:rerun-if-env-changed=SYSTEM_DEPS_RPM_LINK
[libdnf-sys 0.1.0] cargo:rerun-if-env-changed=SYSTEM_DEPS_SQLITE3_LIB
[libdnf-sys 0.1.0] cargo:rerun-if-env-changed=SYSTEM_DEPS_SQLITE3_LIB_FRAMEWORK
[libdnf-sys 0.1.0] cargo:rerun-if-env-changed=SYSTEM_DEPS_SQLITE3_SEARCH_NATIVE
[libdnf-sys 0.1.0] cargo:rerun-if-env-changed=SYSTEM_DEPS_SQLITE3_SEARCH_FRAMEWORK
[libdnf-sys 0.1.0] cargo:rerun-if-env-changed=SYSTEM_DEPS_SQLITE3_INCLUDE
[libdnf-sys 0.1.0] cargo:rerun-if-env-changed=SYSTEM_DEPS_SQLITE3_LDFLAGS
[libdnf-sys 0.1.0] cargo:rerun-if-env-changed=SYSTEM_DEPS_SQLITE3_NO_PKG_CONFIG
[libdnf-sys 0.1.0] cargo:rerun-if-env-changed=SYSTEM_DEPS_SQLITE3_BUILD_INTERNAL
[libdnf-sys 0.1.0] cargo:rerun-if-env-changed=SYSTEM_DEPS_SQLITE3_LINK
[libdnf-sys 0.1.0] cargo:rerun-if-env-changed=SYSTEM_DEPS_GPGME_LIB
[libdnf-sys 0.1.0] cargo:rerun-if-env-changed=SYSTEM_DEPS_GPGME_LIB_FRAMEWORK
[libdnf-sys 0.1.0] cargo:rerun-if-env-changed=SYSTEM_DEPS_GPGME_SEARCH_NATIVE
[libdnf-sys 0.1.0] cargo:rerun-if-env-changed=SYSTEM_DEPS_GPGME_SEARCH_FRAMEWORK
[libdnf-sys 0.1.0] cargo:rerun-if-env-changed=SYSTEM_DEPS_GPGME_INCLUDE
[libdnf-sys 0.1.0] cargo:rerun-if-env-changed=SYSTEM_DEPS_GPGME_LDFLAGS
[libdnf-sys 0.1.0] cargo:rerun-if-env-changed=SYSTEM_DEPS_GPGME_NO_PKG_CONFIG
[libdnf-sys 0.1.0] cargo:rerun-if-env-changed=SYSTEM_DEPS_GPGME_BUILD_INTERNAL
[libdnf-sys 0.1.0] cargo:rerun-if-env-changed=SYSTEM_DEPS_GPGME_LINK
[libdnf-sys 0.1.0] cargo:rerun-if-env-changed=SYSTEM_DEPS_GLIB_LIB
[libdnf-sys 0.1.0] cargo:rerun-if-env-changed=SYSTEM_DEPS_GLIB_LIB_FRAMEWORK
[libdnf-sys 0.1.0] cargo:rerun-if-env-changed=SYSTEM_DEPS_GLIB_SEARCH_NATIVE
[libdnf-sys 0.1.0] cargo:rerun-if-env-changed=SYSTEM_DEPS_GLIB_SEARCH_FRAMEWORK
[libdnf-sys 0.1.0] cargo:rerun-if-env-changed=SYSTEM_DEPS_GLIB_INCLUDE
[libdnf-sys 0.1.0] cargo:rerun-if-env-changed=SYSTEM_DEPS_GLIB_LDFLAGS
[libdnf-sys 0.1.0] cargo:rerun-if-env-changed=SYSTEM_DEPS_GLIB_NO_PKG_CONFIG
[libdnf-sys 0.1.0] cargo:rerun-if-env-changed=SYSTEM_DEPS_GLIB_BUILD_INTERNAL
[libdnf-sys 0.1.0] cargo:rerun-if-env-changed=SYSTEM_DEPS_GLIB_LINK
[libdnf-sys 0.1.0] 
[libdnf-sys 0.1.0] cargo:rustc-cfg=system_deps_have_glib
[libdnf-sys 0.1.0] cargo:rustc-cfg=system_deps_have_gpgme
[libdnf-sys 0.1.0] cargo:rustc-cfg=system_deps_have_jsonc
[libdnf-sys 0.1.0] cargo:rustc-cfg=system_deps_have_libcurl
[libdnf-sys 0.1.0] cargo:rustc-cfg=system_deps_have_librepo
[libdnf-sys 0.1.0] cargo:rustc-cfg=system_deps_have_libsolv
[libdnf-sys 0.1.0] cargo:rustc-cfg=system_deps_have_libsolvext
[libdnf-sys 0.1.0] cargo:rustc-cfg=system_deps_have_modulemd
[libdnf-sys 0.1.0] cargo:rustc-cfg=system_deps_have_openssl
[libdnf-sys 0.1.0] cargo:rustc-cfg=system_deps_have_rpm
[libdnf-sys 0.1.0] cargo:rustc-cfg=system_deps_have_sqlite3
[libdnf-sys 0.1.0] cargo:rustc-cfg=system_deps_have_zck
[libdnf-sys 0.1.0] CMAKE_TOOLCHAIN_FILE_x86_64-unknown-linux-gnu = None
[libdnf-sys 0.1.0] CMAKE_TOOLCHAIN_FILE_x86_64_unknown_linux_gnu = None
[libdnf-sys 0.1.0] HOST_CMAKE_TOOLCHAIN_FILE = None
[libdnf-sys 0.1.0] CMAKE_TOOLCHAIN_FILE = None
[libdnf-sys 0.1.0] CMAKE_GENERATOR_x86_64-unknown-linux-gnu = None
[libdnf-sys 0.1.0] CMAKE_GENERATOR_x86_64_unknown_linux_gnu = None
[libdnf-sys 0.1.0] HOST_CMAKE_GENERATOR = None
[libdnf-sys 0.1.0] CMAKE_GENERATOR = None
[libdnf-sys 0.1.0] CMAKE_PREFIX_PATH_x86_64-unknown-linux-gnu = None
[libdnf-sys 0.1.0] CMAKE_PREFIX_PATH_x86_64_unknown_linux_gnu = None
[libdnf-sys 0.1.0] HOST_CMAKE_PREFIX_PATH = None
[libdnf-sys 0.1.0] CMAKE_PREFIX_PATH = None
[libdnf-sys 0.1.0] CMAKE_x86_64-unknown-linux-gnu = None
[libdnf-sys 0.1.0] CMAKE_x86_64_unknown_linux_gnu = None
[libdnf-sys 0.1.0] HOST_CMAKE = None
[libdnf-sys 0.1.0] CMAKE = None
[libdnf-sys 0.1.0] running: cd "/var/home/kushal/rpm-ostree/target/debug/build/libdnf-sys-6b0db4a1fbb21ddd/out/build" && CMAKE_PREFIX_PATH="" LC_ALL="C" "cmake" "/var/home/kushal/rpm-ostree/rust/libdnf-sys/../../libdnf" "-DCMAKE_INSTALL_PREFIX:PATH=/usr/libexec/rpm-ostree" "-DINCLUDE_INSTALL_DIR:PATH=/usr/libexec/rpm-ostree/include" "-DLIB_INSTALL_DIR:PATH=/usr/libexec/rpm-ostree" "-DSYSCONF_INSTALL_DIR:PATH=/usr/libexec/rpm-ostree/etc" "-DSHARE_INSTALL_PREFIX:PATH=/usr/libexec/rpm-ostree/share" "-DENABLE_STATIC:BOOL=1" "-DCMAKE_POSITION_INDEPENDENT_CODE=ON" "-DWITH_HTML:BOOL=0" "-DWITH_MAN:BOOL=0" "-DENABLE_RHSM_SUPPORT:BOOL=0" "-DWITH_ZCHUNK:BOOL=1" "-DWITH_BINDINGS:BOOL=0" "-DCMAKE_INSTALL_PREFIX=/var/home/kushal/rpm-ostree/target/debug/build/libdnf-sys-6b0db4a1fbb21ddd/out" "-DCMAKE_C_FLAGS= -ffunction-sections -fdata-sections -fPIC -m64" "-DCMAKE_C_COMPILER=/usr/bin/cc" "-DCMAKE_CXX_FLAGS= -fPIC -ffunction-sections -fdata-sections -fPIC -m64" "-DCMAKE_CXX_COMPILER=/usr/bin/c++" "-DCMAKE_ASM_FLAGS= -ffunction-sections -fdata-sections -fPIC -m64" "-DCMAKE_ASM_COMPILER=/usr/bin/cc" "-DCMAKE_BUILD_TYPE=RelWithDebInfo"
[libdnf-sys 0.1.0] CMake Warning:
[libdnf-sys 0.1.0]   Ignoring extra path from command line:
[libdnf-sys 0.1.0] 
[libdnf-sys 0.1.0]    "/var/home/kushal/rpm-ostree/rust/libdnf-sys/../../libdnf"
[libdnf-sys 0.1.0] 
[libdnf-sys 0.1.0] 
[libdnf-sys 0.1.0] CMake Error: The source directory "/var/home/kushal/rpm-ostree/libdnf" does not appear to contain CMakeLists.txt.
[libdnf-sys 0.1.0] Specify --help for usage, or press the help button on the CMake GUI.
[libdnf-sys 0.1.0] 
[libdnf-sys 0.1.0] thread 'main' panicked at /home/kushal/.cargo/registry/src/index.crates.io-1949cf8c6b5b557f/cmake-0.1.54/src/lib.rs:1119:5:
[libdnf-sys 0.1.0] 
[libdnf-sys 0.1.0] command did not execute successfully, got: exit status: 1
[libdnf-sys 0.1.0] 
[libdnf-sys 0.1.0] build script failed, must exit now
[libdnf-sys 0.1.0] note: run with `RUST_BACKTRACE=1` environment variable to display a backtrace
error: failed to run custom build command for `libdnf-sys v0.1.0 (/var/home/kushal/rpm-ostree/rust/libdnf-sys)`

Caused by:
  process didn't exit successfully: `CARGO=/var/home/kushal/.rustup/toolchains/stable-x86_64-unknown-linux-gnu/bin/cargo CARGO_CFG_FEATURE=default CARGO_CFG_PANIC=unwind CARGO_CFG_TARGET_ABI='' CARGO_CFG_TARGET_ARCH=x86_64 CARGO_CFG_TARGET_ENDIAN=little CARGO_CFG_TARGET_ENV=gnu CARGO_CFG_TARGET_FAMILY=unix CARGO_CFG_TARGET_FEATURE=fxsr,sse,sse2 CARGO_CFG_TARGET_HAS_ATOMIC=16,32,64,8,ptr CARGO_CFG_TARGET_OS=linux CARGO_CFG_TARGET_POINTER_WIDTH=64 CARGO_CFG_TARGET_VENDOR=unknown CARGO_CFG_UNIX='' CARGO_ENCODED_RUSTFLAGS='' CARGO_FEATURE_DEFAULT=1 CARGO_MANIFEST_DIR=/var/home/kushal/rpm-ostree/rust/libdnf-sys CARGO_MANIFEST_LINKS=dnf CARGO_MANIFEST_PATH=/var/home/kushal/rpm-ostree/rust/libdnf-sys/Cargo.toml CARGO_PKG_AUTHORS='Colin Walters <walters@verbum.org>:Jonathan Lebon <jonathan@jlebon.com>' CARGO_PKG_DESCRIPTION='' CARGO_PKG_HOMEPAGE='' CARGO_PKG_LICENSE='' CARGO_PKG_LICENSE_FILE='' CARGO_PKG_NAME=libdnf-sys CARGO_PKG_README='' CARGO_PKG_REPOSITORY='' CARGO_PKG_RUST_VERSION='' CARGO_PKG_VERSION=0.1.0 CARGO_PKG_VERSION_MAJOR=0 CARGO_PKG_VERSION_MINOR=1 CARGO_PKG_VERSION_PATCH=0 CARGO_PKG_VERSION_PRE='' DEBUG=true DEP_CXXBRIDGE1_HEADER=/home/kushal/.cargo/registry/src/index.crates.io-1949cf8c6b5b557f/cxx-1.0.161/include/cxx.h HOST=x86_64-unknown-linux-gnu LD_LIBRARY_PATH='/var/home/kushal/rpm-ostree/target/debug/deps:/var/home/kushal/rpm-ostree/target/debug:/var/home/kushal/.rustup/toolchains/stable-x86_64-unknown-linux-gnu/lib/rustlib/x86_64-unknown-linux-gnu/lib:/home/kushal/.rustup/toolchains/stable-x86_64-unknown-linux-gnu/lib' NUM_JOBS=2 OPT_LEVEL=1 OUT_DIR=/var/home/kushal/rpm-ostree/target/debug/build/libdnf-sys-6b0db4a1fbb21ddd/out PROFILE=debug RUSTC=/home/kushal/.rustup/toolchains/stable-x86_64-unknown-linux-gnu/bin/rustc RUSTDOC=/home/kushal/.rustup/toolchains/stable-x86_64-unknown-linux-gnu/bin/rustdoc TARGET=x86_64-unknown-linux-gnu /var/home/kushal/rpm-ostree/target/debug/build/libdnf-sys-4ec7fac8c5bae47d/build-script-build` (exit status: 101)
  --- stdout
  cargo:rerun-if-changed=/var/home/kushal/rpm-ostree/rust/libdnf-sys/Cargo.toml
  cargo:rerun-if-env-changed=GLIB_2.0_NO_PKG_CONFIG
  cargo:rerun-if-env-changed=PKG_CONFIG_x86_64-unknown-linux-gnu
  cargo:rerun-if-env-changed=PKG_CONFIG_x86_64_unknown_linux_gnu
  cargo:rerun-if-env-changed=HOST_PKG_CONFIG
  cargo:rerun-if-env-changed=PKG_CONFIG
  cargo:rerun-if-env-changed=PKG_CONFIG_PATH_x86_64-unknown-linux-gnu
  cargo:rerun-if-env-changed=PKG_CONFIG_PATH_x86_64_unknown_linux_gnu
  cargo:rerun-if-env-changed=HOST_PKG_CONFIG_PATH
  cargo:rerun-if-env-changed=PKG_CONFIG_PATH
  cargo:rerun-if-env-changed=PKG_CONFIG_LIBDIR_x86_64-unknown-linux-gnu
  cargo:rerun-if-env-changed=PKG_CONFIG_LIBDIR_x86_64_unknown_linux_gnu
  cargo:rerun-if-env-changed=HOST_PKG_CONFIG_LIBDIR
  cargo:rerun-if-env-changed=PKG_CONFIG_LIBDIR
  cargo:rerun-if-env-changed=PKG_CONFIG_SYSROOT_DIR_x86_64-unknown-linux-gnu
  cargo:rerun-if-env-changed=PKG_CONFIG_SYSROOT_DIR_x86_64_unknown_linux_gnu
  cargo:rerun-if-env-changed=HOST_PKG_CONFIG_SYSROOT_DIR
  cargo:rerun-if-env-changed=PKG_CONFIG_SYSROOT_DIR
  cargo:rerun-if-env-changed=PKG_CONFIG_SYSROOT_DIR
  cargo:rerun-if-env-changed=SYSROOT
  cargo:rerun-if-env-changed=PKG_CONFIG_x86_64-unknown-linux-gnu
  cargo:rerun-if-env-changed=PKG_CONFIG_x86_64_unknown_linux_gnu
  cargo:rerun-if-env-changed=HOST_PKG_CONFIG
  cargo:rerun-if-env-changed=PKG_CONFIG
  cargo:rerun-if-env-changed=PKG_CONFIG_PATH_x86_64-unknown-linux-gnu
  cargo:rerun-if-env-changed=PKG_CONFIG_PATH_x86_64_unknown_linux_gnu
  cargo:rerun-if-env-changed=HOST_PKG_CONFIG_PATH
  cargo:rerun-if-env-changed=PKG_CONFIG_PATH
  cargo:rerun-if-env-changed=PKG_CONFIG_LIBDIR_x86_64-unknown-linux-gnu
  cargo:rerun-if-env-changed=PKG_CONFIG_LIBDIR_x86_64_unknown_linux_gnu
  cargo:rerun-if-env-changed=HOST_PKG_CONFIG_LIBDIR
  cargo:rerun-if-env-changed=PKG_CONFIG_LIBDIR
  cargo:rerun-if-env-changed=PKG_CONFIG_SYSROOT_DIR_x86_64-unknown-linux-gnu
  cargo:rerun-if-env-changed=PKG_CONFIG_SYSROOT_DIR_x86_64_unknown_linux_gnu
  cargo:rerun-if-env-changed=HOST_PKG_CONFIG_SYSROOT_DIR
  cargo:rerun-if-env-changed=PKG_CONFIG_SYSROOT_DIR
  cargo:rerun-if-env-changed=GPGME_NO_PKG_CONFIG
  cargo:rerun-if-env-changed=PKG_CONFIG_x86_64-unknown-linux-gnu
  cargo:rerun-if-env-changed=PKG_CONFIG_x86_64_unknown_linux_gnu
  cargo:rerun-if-env-changed=HOST_PKG_CONFIG
  cargo:rerun-if-env-changed=PKG_CONFIG
  cargo:rerun-if-env-changed=PKG_CONFIG_PATH_x86_64-unknown-linux-gnu
  cargo:rerun-if-env-changed=PKG_CONFIG_PATH_x86_64_unknown_linux_gnu
  cargo:rerun-if-env-changed=HOST_PKG_CONFIG_PATH
  cargo:rerun-if-env-changed=PKG_CONFIG_PATH
  cargo:rerun-if-env-changed=PKG_CONFIG_LIBDIR_x86_64-unknown-linux-gnu
  cargo:rerun-if-env-changed=PKG_CONFIG_LIBDIR_x86_64_unknown_linux_gnu
  cargo:rerun-if-env-changed=HOST_PKG_CONFIG_LIBDIR
  cargo:rerun-if-env-changed=PKG_CONFIG_LIBDIR
  cargo:rerun-if-env-changed=PKG_CONFIG_SYSROOT_DIR_x86_64-unknown-linux-gnu
  cargo:rerun-if-env-changed=PKG_CONFIG_SYSROOT_DIR_x86_64_unknown_linux_gnu
  cargo:rerun-if-env-changed=HOST_PKG_CONFIG_SYSROOT_DIR
  cargo:rerun-if-env-changed=PKG_CONFIG_SYSROOT_DIR
  cargo:rerun-if-env-changed=PKG_CONFIG_SYSROOT_DIR
  cargo:rerun-if-env-changed=SYSROOT
  cargo:rerun-if-env-changed=PKG_CONFIG_x86_64-unknown-linux-gnu
  cargo:rerun-if-env-changed=PKG_CONFIG_x86_64_unknown_linux_gnu
  cargo:rerun-if-env-changed=HOST_PKG_CONFIG
  cargo:rerun-if-env-changed=PKG_CONFIG
  cargo:rerun-if-env-changed=PKG_CONFIG_PATH_x86_64-unknown-linux-gnu
  cargo:rerun-if-env-changed=PKG_CONFIG_PATH_x86_64_unknown_linux_gnu
  cargo:rerun-if-env-changed=HOST_PKG_CONFIG_PATH
  cargo:rerun-if-env-changed=PKG_CONFIG_PATH
  cargo:rerun-if-env-changed=PKG_CONFIG_LIBDIR_x86_64-unknown-linux-gnu
  cargo:rerun-if-env-changed=PKG_CONFIG_LIBDIR_x86_64_unknown_linux_gnu
  cargo:rerun-if-env-changed=HOST_PKG_CONFIG_LIBDIR
  cargo:rerun-if-env-changed=PKG_CONFIG_LIBDIR
  cargo:rerun-if-env-changed=PKG_CONFIG_SYSROOT_DIR_x86_64-unknown-linux-gnu
  cargo:rerun-if-env-changed=PKG_CONFIG_SYSROOT_DIR_x86_64_unknown_linux_gnu
  cargo:rerun-if-env-changed=HOST_PKG_CONFIG_SYSROOT_DIR
  cargo:rerun-if-env-changed=PKG_CONFIG_SYSROOT_DIR
  cargo:rerun-if-env-changed=JSON_C_NO_PKG_CONFIG
  cargo:rerun-if-env-changed=PKG_CONFIG_x86_64-unknown-linux-gnu
  cargo:rerun-if-env-changed=PKG_CONFIG_x86_64_unknown_linux_gnu
  cargo:rerun-if-env-changed=HOST_PKG_CONFIG
  cargo:rerun-if-env-changed=PKG_CONFIG
  cargo:rerun-if-env-changed=PKG_CONFIG_PATH_x86_64-unknown-linux-gnu
  cargo:rerun-if-env-changed=PKG_CONFIG_PATH_x86_64_unknown_linux_gnu
  cargo:rerun-if-env-changed=HOST_PKG_CONFIG_PATH
  cargo:rerun-if-env-changed=PKG_CONFIG_PATH
  cargo:rerun-if-env-changed=PKG_CONFIG_LIBDIR_x86_64-unknown-linux-gnu
  cargo:rerun-if-env-changed=PKG_CONFIG_LIBDIR_x86_64_unknown_linux_gnu
  cargo:rerun-if-env-changed=HOST_PKG_CONFIG_LIBDIR
  cargo:rerun-if-env-changed=PKG_CONFIG_LIBDIR
  cargo:rerun-if-env-changed=PKG_CONFIG_SYSROOT_DIR_x86_64-unknown-linux-gnu
  cargo:rerun-if-env-changed=PKG_CONFIG_SYSROOT_DIR_x86_64_unknown_linux_gnu
  cargo:rerun-if-env-changed=HOST_PKG_CONFIG_SYSROOT_DIR
  cargo:rerun-if-env-changed=PKG_CONFIG_SYSROOT_DIR
  cargo:rerun-if-env-changed=PKG_CONFIG_SYSROOT_DIR
  cargo:rerun-if-env-changed=SYSROOT
  cargo:rerun-if-env-changed=PKG_CONFIG_x86_64-unknown-linux-gnu
  cargo:rerun-if-env-changed=PKG_CONFIG_x86_64_unknown_linux_gnu
  cargo:rerun-if-env-changed=HOST_PKG_CONFIG
  cargo:rerun-if-env-changed=PKG_CONFIG
  cargo:rerun-if-env-changed=PKG_CONFIG_PATH_x86_64-unknown-linux-gnu
  cargo:rerun-if-env-changed=PKG_CONFIG_PATH_x86_64_unknown_linux_gnu
  cargo:rerun-if-env-changed=HOST_PKG_CONFIG_PATH
  cargo:rerun-if-env-changed=PKG_CONFIG_PATH
  cargo:rerun-if-env-changed=PKG_CONFIG_LIBDIR_x86_64-unknown-linux-gnu
  cargo:rerun-if-env-changed=PKG_CONFIG_LIBDIR_x86_64_unknown_linux_gnu
  cargo:rerun-if-env-changed=HOST_PKG_CONFIG_LIBDIR
  cargo:rerun-if-env-changed=PKG_CONFIG_LIBDIR
  cargo:rerun-if-env-changed=PKG_CONFIG_SYSROOT_DIR_x86_64-unknown-linux-gnu
  cargo:rerun-if-env-changed=PKG_CONFIG_SYSROOT_DIR_x86_64_unknown_linux_gnu
  cargo:rerun-if-env-changed=HOST_PKG_CONFIG_SYSROOT_DIR
  cargo:rerun-if-env-changed=PKG_CONFIG_SYSROOT_DIR
  cargo:rerun-if-env-changed=LIBCURL_NO_PKG_CONFIG
  cargo:rerun-if-env-changed=PKG_CONFIG_x86_64-unknown-linux-gnu
  cargo:rerun-if-env-changed=PKG_CONFIG_x86_64_unknown_linux_gnu
  cargo:rerun-if-env-changed=HOST_PKG_CONFIG
  cargo:rerun-if-env-changed=PKG_CONFIG
  cargo:rerun-if-env-changed=PKG_CONFIG_PATH_x86_64-unknown-linux-gnu
  cargo:rerun-if-env-changed=PKG_CONFIG_PATH_x86_64_unknown_linux_gnu
  cargo:rerun-if-env-changed=HOST_PKG_CONFIG_PATH
  cargo:rerun-if-env-changed=PKG_CONFIG_PATH
  cargo:rerun-if-env-changed=PKG_CONFIG_LIBDIR_x86_64-unknown-linux-gnu
  cargo:rerun-if-env-changed=PKG_CONFIG_LIBDIR_x86_64_unknown_linux_gnu
  cargo:rerun-if-env-changed=HOST_PKG_CONFIG_LIBDIR
  cargo:rerun-if-env-changed=PKG_CONFIG_LIBDIR
  cargo:rerun-if-env-changed=PKG_CONFIG_SYSROOT_DIR_x86_64-unknown-linux-gnu
  cargo:rerun-if-env-changed=PKG_CONFIG_SYSROOT_DIR_x86_64_unknown_linux_gnu
  cargo:rerun-if-env-changed=HOST_PKG_CONFIG_SYSROOT_DIR
  cargo:rerun-if-env-changed=PKG_CONFIG_SYSROOT_DIR
  cargo:rerun-if-env-changed=PKG_CONFIG_SYSROOT_DIR
  cargo:rerun-if-env-changed=SYSROOT
  cargo:rerun-if-env-changed=PKG_CONFIG_x86_64-unknown-linux-gnu
  cargo:rerun-if-env-changed=PKG_CONFIG_x86_64_unknown_linux_gnu
  cargo:rerun-if-env-changed=HOST_PKG_CONFIG
  cargo:rerun-if-env-changed=PKG_CONFIG
  cargo:rerun-if-env-changed=PKG_CONFIG_PATH_x86_64-unknown-linux-gnu
  cargo:rerun-if-env-changed=PKG_CONFIG_PATH_x86_64_unknown_linux_gnu
  cargo:rerun-if-env-changed=HOST_PKG_CONFIG_PATH
  cargo:rerun-if-env-changed=PKG_CONFIG_PATH
  cargo:rerun-if-env-changed=PKG_CONFIG_LIBDIR_x86_64-unknown-linux-gnu
  cargo:rerun-if-env-changed=PKG_CONFIG_LIBDIR_x86_64_unknown_linux_gnu
  cargo:rerun-if-env-changed=HOST_PKG_CONFIG_LIBDIR
  cargo:rerun-if-env-changed=PKG_CONFIG_LIBDIR
  cargo:rerun-if-env-changed=PKG_CONFIG_SYSROOT_DIR_x86_64-unknown-linux-gnu
  cargo:rerun-if-env-changed=PKG_CONFIG_SYSROOT_DIR_x86_64_unknown_linux_gnu
  cargo:rerun-if-env-changed=HOST_PKG_CONFIG_SYSROOT_DIR
  cargo:rerun-if-env-changed=PKG_CONFIG_SYSROOT_DIR
  cargo:rerun-if-env-changed=LIBREPO_NO_PKG_CONFIG
  cargo:rerun-if-env-changed=PKG_CONFIG_x86_64-unknown-linux-gnu
  cargo:rerun-if-env-changed=PKG_CONFIG_x86_64_unknown_linux_gnu
  cargo:rerun-if-env-changed=HOST_PKG_CONFIG
  cargo:rerun-if-env-changed=PKG_CONFIG
  cargo:rerun-if-env-changed=PKG_CONFIG_PATH_x86_64-unknown-linux-gnu
  cargo:rerun-if-env-changed=PKG_CONFIG_PATH_x86_64_unknown_linux_gnu
  cargo:rerun-if-env-changed=HOST_PKG_CONFIG_PATH
  cargo:rerun-if-env-changed=PKG_CONFIG_PATH
  cargo:rerun-if-env-changed=PKG_CONFIG_LIBDIR_x86_64-unknown-linux-gnu
  cargo:rerun-if-env-changed=PKG_CONFIG_LIBDIR_x86_64_unknown_linux_gnu
  cargo:rerun-if-env-changed=HOST_PKG_CONFIG_LIBDIR
  cargo:rerun-if-env-changed=PKG_CONFIG_LIBDIR
  cargo:rerun-if-env-changed=PKG_CONFIG_SYSROOT_DIR_x86_64-unknown-linux-gnu
  cargo:rerun-if-env-changed=PKG_CONFIG_SYSROOT_DIR_x86_64_unknown_linux_gnu
  cargo:rerun-if-env-changed=HOST_PKG_CONFIG_SYSROOT_DIR
  cargo:rerun-if-env-changed=PKG_CONFIG_SYSROOT_DIR
  cargo:rerun-if-env-changed=PKG_CONFIG_SYSROOT_DIR
  cargo:rerun-if-env-changed=SYSROOT
  cargo:rerun-if-env-changed=PKG_CONFIG_x86_64-unknown-linux-gnu
  cargo:rerun-if-env-changed=PKG_CONFIG_x86_64_unknown_linux_gnu
  cargo:rerun-if-env-changed=HOST_PKG_CONFIG
  cargo:rerun-if-env-changed=PKG_CONFIG
  cargo:rerun-if-env-changed=PKG_CONFIG_PATH_x86_64-unknown-linux-gnu
  cargo:rerun-if-env-changed=PKG_CONFIG_PATH_x86_64_unknown_linux_gnu
  cargo:rerun-if-env-changed=HOST_PKG_CONFIG_PATH
  cargo:rerun-if-env-changed=PKG_CONFIG_PATH
  cargo:rerun-if-env-changed=PKG_CONFIG_LIBDIR_x86_64-unknown-linux-gnu
  cargo:rerun-if-env-changed=PKG_CONFIG_LIBDIR_x86_64_unknown_linux_gnu
  cargo:rerun-if-env-changed=HOST_PKG_CONFIG_LIBDIR
  cargo:rerun-if-env-changed=PKG_CONFIG_LIBDIR
  cargo:rerun-if-env-changed=PKG_CONFIG_SYSROOT_DIR_x86_64-unknown-linux-gnu
  cargo:rerun-if-env-changed=PKG_CONFIG_SYSROOT_DIR_x86_64_unknown_linux_gnu
  cargo:rerun-if-env-changed=HOST_PKG_CONFIG_SYSROOT_DIR
  cargo:rerun-if-env-changed=PKG_CONFIG_SYSROOT_DIR
  cargo:rerun-if-env-changed=LIBSOLV_NO_PKG_CONFIG
  cargo:rerun-if-env-changed=PKG_CONFIG_x86_64-unknown-linux-gnu
  cargo:rerun-if-env-changed=PKG_CONFIG_x86_64_unknown_linux_gnu
  cargo:rerun-if-env-changed=HOST_PKG_CONFIG
  cargo:rerun-if-env-changed=PKG_CONFIG
  cargo:rerun-if-env-changed=PKG_CONFIG_PATH_x86_64-unknown-linux-gnu
  cargo:rerun-if-env-changed=PKG_CONFIG_PATH_x86_64_unknown_linux_gnu
  cargo:rerun-if-env-changed=HOST_PKG_CONFIG_PATH
  cargo:rerun-if-env-changed=PKG_CONFIG_PATH
  cargo:rerun-if-env-changed=PKG_CONFIG_LIBDIR_x86_64-unknown-linux-gnu
  cargo:rerun-if-env-changed=PKG_CONFIG_LIBDIR_x86_64_unknown_linux_gnu
  cargo:rerun-if-env-changed=HOST_PKG_CONFIG_LIBDIR
  cargo:rerun-if-env-changed=PKG_CONFIG_LIBDIR
  cargo:rerun-if-env-changed=PKG_CONFIG_SYSROOT_DIR_x86_64-unknown-linux-gnu
  cargo:rerun-if-env-changed=PKG_CONFIG_SYSROOT_DIR_x86_64_unknown_linux_gnu
  cargo:rerun-if-env-changed=HOST_PKG_CONFIG_SYSROOT_DIR
  cargo:rerun-if-env-changed=PKG_CONFIG_SYSROOT_DIR
  cargo:rerun-if-env-changed=PKG_CONFIG_SYSROOT_DIR
  cargo:rerun-if-env-changed=SYSROOT
  cargo:rerun-if-env-changed=PKG_CONFIG_x86_64-unknown-linux-gnu
  cargo:rerun-if-env-changed=PKG_CONFIG_x86_64_unknown_linux_gnu
  cargo:rerun-if-env-changed=HOST_PKG_CONFIG
  cargo:rerun-if-env-changed=PKG_CONFIG
  cargo:rerun-if-env-changed=PKG_CONFIG_PATH_x86_64-unknown-linux-gnu
  cargo:rerun-if-env-changed=PKG_CONFIG_PATH_x86_64_unknown_linux_gnu
  cargo:rerun-if-env-changed=HOST_PKG_CONFIG_PATH
  cargo:rerun-if-env-changed=PKG_CONFIG_PATH
  cargo:rerun-if-env-changed=PKG_CONFIG_LIBDIR_x86_64-unknown-linux-gnu
  cargo:rerun-if-env-changed=PKG_CONFIG_LIBDIR_x86_64_unknown_linux_gnu
  cargo:rerun-if-env-changed=HOST_PKG_CONFIG_LIBDIR
  cargo:rerun-if-env-changed=PKG_CONFIG_LIBDIR
  cargo:rerun-if-env-changed=PKG_CONFIG_SYSROOT_DIR_x86_64-unknown-linux-gnu
  cargo:rerun-if-env-changed=PKG_CONFIG_SYSROOT_DIR_x86_64_unknown_linux_gnu
  cargo:rerun-if-env-changed=HOST_PKG_CONFIG_SYSROOT_DIR
  cargo:rerun-if-env-changed=PKG_CONFIG_SYSROOT_DIR
  cargo:rerun-if-env-changed=LIBSOLVEXT_NO_PKG_CONFIG
  cargo:rerun-if-env-changed=PKG_CONFIG_x86_64-unknown-linux-gnu
  cargo:rerun-if-env-changed=PKG_CONFIG_x86_64_unknown_linux_gnu
  cargo:rerun-if-env-changed=HOST_PKG_CONFIG
  cargo:rerun-if-env-changed=PKG_CONFIG
  cargo:rerun-if-env-changed=PKG_CONFIG_PATH_x86_64-unknown-linux-gnu
  cargo:rerun-if-env-changed=PKG_CONFIG_PATH_x86_64_unknown_linux_gnu
  cargo:rerun-if-env-changed=HOST_PKG_CONFIG_PATH
  cargo:rerun-if-env-changed=PKG_CONFIG_PATH
  cargo:rerun-if-env-changed=PKG_CONFIG_LIBDIR_x86_64-unknown-linux-gnu
  cargo:rerun-if-env-changed=PKG_CONFIG_LIBDIR_x86_64_unknown_linux_gnu
  cargo:rerun-if-env-changed=HOST_PKG_CONFIG_LIBDIR
  cargo:rerun-if-env-changed=PKG_CONFIG_LIBDIR
  cargo:rerun-if-env-changed=PKG_CONFIG_SYSROOT_DIR_x86_64-unknown-linux-gnu
  cargo:rerun-if-env-changed=PKG_CONFIG_SYSROOT_DIR_x86_64_unknown_linux_gnu
  cargo:rerun-if-env-changed=HOST_PKG_CONFIG_SYSROOT_DIR
  cargo:rerun-if-env-changed=PKG_CONFIG_SYSROOT_DIR
  cargo:rerun-if-env-changed=PKG_CONFIG_SYSROOT_DIR
  cargo:rerun-if-env-changed=SYSROOT
  cargo:rerun-if-env-changed=PKG_CONFIG_x86_64-unknown-linux-gnu
  cargo:rerun-if-env-changed=PKG_CONFIG_x86_64_unknown_linux_gnu
  cargo:rerun-if-env-changed=HOST_PKG_CONFIG
  cargo:rerun-if-env-changed=PKG_CONFIG
  cargo:rerun-if-env-changed=PKG_CONFIG_PATH_x86_64-unknown-linux-gnu
  cargo:rerun-if-env-changed=PKG_CONFIG_PATH_x86_64_unknown_linux_gnu
  cargo:rerun-if-env-changed=HOST_PKG_CONFIG_PATH
  cargo:rerun-if-env-changed=PKG_CONFIG_PATH
  cargo:rerun-if-env-changed=PKG_CONFIG_LIBDIR_x86_64-unknown-linux-gnu
  cargo:rerun-if-env-changed=PKG_CONFIG_LIBDIR_x86_64_unknown_linux_gnu
  cargo:rerun-if-env-changed=HOST_PKG_CONFIG_LIBDIR
  cargo:rerun-if-env-changed=PKG_CONFIG_LIBDIR
  cargo:rerun-if-env-changed=PKG_CONFIG_SYSROOT_DIR_x86_64-unknown-linux-gnu
  cargo:rerun-if-env-changed=PKG_CONFIG_SYSROOT_DIR_x86_64_unknown_linux_gnu
  cargo:rerun-if-env-changed=HOST_PKG_CONFIG_SYSROOT_DIR
  cargo:rerun-if-env-changed=PKG_CONFIG_SYSROOT_DIR
  cargo:rerun-if-env-changed=MODULEMD_2.0_NO_PKG_CONFIG
  cargo:rerun-if-env-changed=PKG_CONFIG_x86_64-unknown-linux-gnu
  cargo:rerun-if-env-changed=PKG_CONFIG_x86_64_unknown_linux_gnu
  cargo:rerun-if-env-changed=HOST_PKG_CONFIG
  cargo:rerun-if-env-changed=PKG_CONFIG
  cargo:rerun-if-env-changed=PKG_CONFIG_PATH_x86_64-unknown-linux-gnu
  cargo:rerun-if-env-changed=PKG_CONFIG_PATH_x86_64_unknown_linux_gnu
  cargo:rerun-if-env-changed=HOST_PKG_CONFIG_PATH
  cargo:rerun-if-env-changed=PKG_CONFIG_PATH
  cargo:rerun-if-env-changed=PKG_CONFIG_LIBDIR_x86_64-unknown-linux-gnu
  cargo:rerun-if-env-changed=PKG_CONFIG_LIBDIR_x86_64_unknown_linux_gnu
  cargo:rerun-if-env-changed=HOST_PKG_CONFIG_LIBDIR
  cargo:rerun-if-env-changed=PKG_CONFIG_LIBDIR
  cargo:rerun-if-env-changed=PKG_CONFIG_SYSROOT_DIR_x86_64-unknown-linux-gnu
  cargo:rerun-if-env-changed=PKG_CONFIG_SYSROOT_DIR_x86_64_unknown_linux_gnu
  cargo:rerun-if-env-changed=HOST_PKG_CONFIG_SYSROOT_DIR
  cargo:rerun-if-env-changed=PKG_CONFIG_SYSROOT_DIR
  cargo:rerun-if-env-changed=PKG_CONFIG_SYSROOT_DIR
  cargo:rerun-if-env-changed=SYSROOT
  cargo:rerun-if-env-changed=PKG_CONFIG_x86_64-unknown-linux-gnu
  cargo:rerun-if-env-changed=PKG_CONFIG_x86_64_unknown_linux_gnu
  cargo:rerun-if-env-changed=HOST_PKG_CONFIG
  cargo:rerun-if-env-changed=PKG_CONFIG
  cargo:rerun-if-env-changed=PKG_CONFIG_PATH_x86_64-unknown-linux-gnu
  cargo:rerun-if-env-changed=PKG_CONFIG_PATH_x86_64_unknown_linux_gnu
  cargo:rerun-if-env-changed=HOST_PKG_CONFIG_PATH
  cargo:rerun-if-env-changed=PKG_CONFIG_PATH
  cargo:rerun-if-env-changed=PKG_CONFIG_LIBDIR_x86_64-unknown-linux-gnu
  cargo:rerun-if-env-changed=PKG_CONFIG_LIBDIR_x86_64_unknown_linux_gnu
  cargo:rerun-if-env-changed=HOST_PKG_CONFIG_LIBDIR
  cargo:rerun-if-env-changed=PKG_CONFIG_LIBDIR
  cargo:rerun-if-env-changed=PKG_CONFIG_SYSROOT_DIR_x86_64-unknown-linux-gnu
  cargo:rerun-if-env-changed=PKG_CONFIG_SYSROOT_DIR_x86_64_unknown_linux_gnu
  cargo:rerun-if-env-changed=HOST_PKG_CONFIG_SYSROOT_DIR
  cargo:rerun-if-env-changed=PKG_CONFIG_SYSROOT_DIR
  cargo:rerun-if-env-changed=OPENSSL_NO_PKG_CONFIG
  cargo:rerun-if-env-changed=PKG_CONFIG_x86_64-unknown-linux-gnu
  cargo:rerun-if-env-changed=PKG_CONFIG_x86_64_unknown_linux_gnu
  cargo:rerun-if-env-changed=HOST_PKG_CONFIG
  cargo:rerun-if-env-changed=PKG_CONFIG
  cargo:rerun-if-env-changed=PKG_CONFIG_PATH_x86_64-unknown-linux-gnu
  cargo:rerun-if-env-changed=PKG_CONFIG_PATH_x86_64_unknown_linux_gnu
  cargo:rerun-if-env-changed=HOST_PKG_CONFIG_PATH
  cargo:rerun-if-env-changed=PKG_CONFIG_PATH
  cargo:rerun-if-env-changed=PKG_CONFIG_LIBDIR_x86_64-unknown-linux-gnu
  cargo:rerun-if-env-changed=PKG_CONFIG_LIBDIR_x86_64_unknown_linux_gnu
  cargo:rerun-if-env-changed=HOST_PKG_CONFIG_LIBDIR
  cargo:rerun-if-env-changed=PKG_CONFIG_LIBDIR
  cargo:rerun-if-env-changed=PKG_CONFIG_SYSROOT_DIR_x86_64-unknown-linux-gnu
  cargo:rerun-if-env-changed=PKG_CONFIG_SYSROOT_DIR_x86_64_unknown_linux_gnu
  cargo:rerun-if-env-changed=HOST_PKG_CONFIG_SYSROOT_DIR
  cargo:rerun-if-env-changed=PKG_CONFIG_SYSROOT_DIR
  cargo:rerun-if-env-changed=PKG_CONFIG_SYSROOT_DIR
  cargo:rerun-if-env-changed=SYSROOT
  cargo:rerun-if-env-changed=PKG_CONFIG_x86_64-unknown-linux-gnu
  cargo:rerun-if-env-changed=PKG_CONFIG_x86_64_unknown_linux_gnu
  cargo:rerun-if-env-changed=HOST_PKG_CONFIG
  cargo:rerun-if-env-changed=PKG_CONFIG
  cargo:rerun-if-env-changed=PKG_CONFIG_PATH_x86_64-unknown-linux-gnu
  cargo:rerun-if-env-changed=PKG_CONFIG_PATH_x86_64_unknown_linux_gnu
  cargo:rerun-if-env-changed=HOST_PKG_CONFIG_PATH
  cargo:rerun-if-env-changed=PKG_CONFIG_PATH
  cargo:rerun-if-env-changed=PKG_CONFIG_LIBDIR_x86_64-unknown-linux-gnu
  cargo:rerun-if-env-changed=PKG_CONFIG_LIBDIR_x86_64_unknown_linux_gnu
  cargo:rerun-if-env-changed=HOST_PKG_CONFIG_LIBDIR
  cargo:rerun-if-env-changed=PKG_CONFIG_LIBDIR
  cargo:rerun-if-env-changed=PKG_CONFIG_SYSROOT_DIR_x86_64-unknown-linux-gnu
  cargo:rerun-if-env-changed=PKG_CONFIG_SYSROOT_DIR_x86_64_unknown_linux_gnu
  cargo:rerun-if-env-changed=HOST_PKG_CONFIG_SYSROOT_DIR
  cargo:rerun-if-env-changed=PKG_CONFIG_SYSROOT_DIR
  cargo:rerun-if-env-changed=RPM_NO_PKG_CONFIG
  cargo:rerun-if-env-changed=PKG_CONFIG_x86_64-unknown-linux-gnu
  cargo:rerun-if-env-changed=PKG_CONFIG_x86_64_unknown_linux_gnu
  cargo:rerun-if-env-changed=HOST_PKG_CONFIG
  cargo:rerun-if-env-changed=PKG_CONFIG
  cargo:rerun-if-env-changed=PKG_CONFIG_PATH_x86_64-unknown-linux-gnu
  cargo:rerun-if-env-changed=PKG_CONFIG_PATH_x86_64_unknown_linux_gnu
  cargo:rerun-if-env-changed=HOST_PKG_CONFIG_PATH
  cargo:rerun-if-env-changed=PKG_CONFIG_PATH
  cargo:rerun-if-env-changed=PKG_CONFIG_LIBDIR_x86_64-unknown-linux-gnu
  cargo:rerun-if-env-changed=PKG_CONFIG_LIBDIR_x86_64_unknown_linux_gnu
  cargo:rerun-if-env-changed=HOST_PKG_CONFIG_LIBDIR
  cargo:rerun-if-env-changed=PKG_CONFIG_LIBDIR
  cargo:rerun-if-env-changed=PKG_CONFIG_SYSROOT_DIR_x86_64-unknown-linux-gnu
  cargo:rerun-if-env-changed=PKG_CONFIG_SYSROOT_DIR_x86_64_unknown_linux_gnu
  cargo:rerun-if-env-changed=HOST_PKG_CONFIG_SYSROOT_DIR
  cargo:rerun-if-env-changed=PKG_CONFIG_SYSROOT_DIR
  cargo:rerun-if-env-changed=PKG_CONFIG_SYSROOT_DIR
  cargo:rerun-if-env-changed=SYSROOT
  cargo:rerun-if-env-changed=PKG_CONFIG_x86_64-unknown-linux-gnu
  cargo:rerun-if-env-changed=PKG_CONFIG_x86_64_unknown_linux_gnu
  cargo:rerun-if-env-changed=HOST_PKG_CONFIG
  cargo:rerun-if-env-changed=PKG_CONFIG
  cargo:rerun-if-env-changed=PKG_CONFIG_PATH_x86_64-unknown-linux-gnu
  cargo:rerun-if-env-changed=PKG_CONFIG_PATH_x86_64_unknown_linux_gnu
  cargo:rerun-if-env-changed=HOST_PKG_CONFIG_PATH
  cargo:rerun-if-env-changed=PKG_CONFIG_PATH
  cargo:rerun-if-env-changed=PKG_CONFIG_LIBDIR_x86_64-unknown-linux-gnu
  cargo:rerun-if-env-changed=PKG_CONFIG_LIBDIR_x86_64_unknown_linux_gnu
  cargo:rerun-if-env-changed=HOST_PKG_CONFIG_LIBDIR
  cargo:rerun-if-env-changed=PKG_CONFIG_LIBDIR
  cargo:rerun-if-env-changed=PKG_CONFIG_SYSROOT_DIR_x86_64-unknown-linux-gnu
  cargo:rerun-if-env-changed=PKG_CONFIG_SYSROOT_DIR_x86_64_unknown_linux_gnu
  cargo:rerun-if-env-changed=HOST_PKG_CONFIG_SYSROOT_DIR
  cargo:rerun-if-env-changed=PKG_CONFIG_SYSROOT_DIR
  cargo:rerun-if-env-changed=SQLITE3_NO_PKG_CONFIG
  cargo:rerun-if-env-changed=PKG_CONFIG_x86_64-unknown-linux-gnu
  cargo:rerun-if-env-changed=PKG_CONFIG_x86_64_unknown_linux_gnu
  cargo:rerun-if-env-changed=HOST_PKG_CONFIG
  cargo:rerun-if-env-changed=PKG_CONFIG
  cargo:rerun-if-env-changed=PKG_CONFIG_PATH_x86_64-unknown-linux-gnu
  cargo:rerun-if-env-changed=PKG_CONFIG_PATH_x86_64_unknown_linux_gnu
  cargo:rerun-if-env-changed=HOST_PKG_CONFIG_PATH
  cargo:rerun-if-env-changed=PKG_CONFIG_PATH
  cargo:rerun-if-env-changed=PKG_CONFIG_LIBDIR_x86_64-unknown-linux-gnu
  cargo:rerun-if-env-changed=PKG_CONFIG_LIBDIR_x86_64_unknown_linux_gnu
  cargo:rerun-if-env-changed=HOST_PKG_CONFIG_LIBDIR
  cargo:rerun-if-env-changed=PKG_CONFIG_LIBDIR
  cargo:rerun-if-env-changed=PKG_CONFIG_SYSROOT_DIR_x86_64-unknown-linux-gnu
  cargo:rerun-if-env-changed=PKG_CONFIG_SYSROOT_DIR_x86_64_unknown_linux_gnu
  cargo:rerun-if-env-changed=HOST_PKG_CONFIG_SYSROOT_DIR
  cargo:rerun-if-env-changed=PKG_CONFIG_SYSROOT_DIR
  cargo:rerun-if-env-changed=PKG_CONFIG_SYSROOT_DIR
  cargo:rerun-if-env-changed=SYSROOT
  cargo:rerun-if-env-changed=PKG_CONFIG_x86_64-unknown-linux-gnu
  cargo:rerun-if-env-changed=PKG_CONFIG_x86_64_unknown_linux_gnu
  cargo:rerun-if-env-changed=HOST_PKG_CONFIG
  cargo:rerun-if-env-changed=PKG_CONFIG
  cargo:rerun-if-env-changed=PKG_CONFIG_PATH_x86_64-unknown-linux-gnu
  cargo:rerun-if-env-changed=PKG_CONFIG_PATH_x86_64_unknown_linux_gnu
  cargo:rerun-if-env-changed=HOST_PKG_CONFIG_PATH
  cargo:rerun-if-env-changed=PKG_CONFIG_PATH
  cargo:rerun-if-env-changed=PKG_CONFIG_LIBDIR_x86_64-unknown-linux-gnu
  cargo:rerun-if-env-changed=PKG_CONFIG_LIBDIR_x86_64_unknown_linux_gnu
  cargo:rerun-if-env-changed=HOST_PKG_CONFIG_LIBDIR
  cargo:rerun-if-env-changed=PKG_CONFIG_LIBDIR
  cargo:rerun-if-env-changed=PKG_CONFIG_SYSROOT_DIR_x86_64-unknown-linux-gnu
  cargo:rerun-if-env-changed=PKG_CONFIG_SYSROOT_DIR_x86_64_unknown_linux_gnu
  cargo:rerun-if-env-changed=HOST_PKG_CONFIG_SYSROOT_DIR
  cargo:rerun-if-env-changed=PKG_CONFIG_SYSROOT_DIR
  cargo:rerun-if-env-changed=ZCK_NO_PKG_CONFIG
  cargo:rerun-if-env-changed=PKG_CONFIG_x86_64-unknown-linux-gnu
  cargo:rerun-if-env-changed=PKG_CONFIG_x86_64_unknown_linux_gnu
  cargo:rerun-if-env-changed=HOST_PKG_CONFIG
  cargo:rerun-if-env-changed=PKG_CONFIG
  cargo:rerun-if-env-changed=PKG_CONFIG_PATH_x86_64-unknown-linux-gnu
  cargo:rerun-if-env-changed=PKG_CONFIG_PATH_x86_64_unknown_linux_gnu
  cargo:rerun-if-env-changed=HOST_PKG_CONFIG_PATH
  cargo:rerun-if-env-changed=PKG_CONFIG_PATH
  cargo:rerun-if-env-changed=PKG_CONFIG_LIBDIR_x86_64-unknown-linux-gnu
  cargo:rerun-if-env-changed=PKG_CONFIG_LIBDIR_x86_64_unknown_linux_gnu
  cargo:rerun-if-env-changed=HOST_PKG_CONFIG_LIBDIR
  cargo:rerun-if-env-changed=PKG_CONFIG_LIBDIR
  cargo:rerun-if-env-changed=PKG_CONFIG_SYSROOT_DIR_x86_64-unknown-linux-gnu
  cargo:rerun-if-env-changed=PKG_CONFIG_SYSROOT_DIR_x86_64_unknown_linux_gnu
  cargo:rerun-if-env-changed=HOST_PKG_CONFIG_SYSROOT_DIR
  cargo:rerun-if-env-changed=PKG_CONFIG_SYSROOT_DIR
  cargo:rerun-if-env-changed=PKG_CONFIG_SYSROOT_DIR
  cargo:rerun-if-env-changed=SYSROOT
  cargo:rerun-if-env-changed=PKG_CONFIG_x86_64-unknown-linux-gnu
  cargo:rerun-if-env-changed=PKG_CONFIG_x86_64_unknown_linux_gnu
  cargo:rerun-if-env-changed=HOST_PKG_CONFIG
  cargo:rerun-if-env-changed=PKG_CONFIG
  cargo:rerun-if-env-changed=PKG_CONFIG_PATH_x86_64-unknown-linux-gnu
  cargo:rerun-if-env-changed=PKG_CONFIG_PATH_x86_64_unknown_linux_gnu
  cargo:rerun-if-env-changed=HOST_PKG_CONFIG_PATH
  cargo:rerun-if-env-changed=PKG_CONFIG_PATH
  cargo:rerun-if-env-changed=PKG_CONFIG_LIBDIR_x86_64-unknown-linux-gnu
  cargo:rerun-if-env-changed=PKG_CONFIG_LIBDIR_x86_64_unknown_linux_gnu
  cargo:rerun-if-env-changed=HOST_PKG_CONFIG_LIBDIR
  cargo:rerun-if-env-changed=PKG_CONFIG_LIBDIR
  cargo:rerun-if-env-changed=PKG_CONFIG_SYSROOT_DIR_x86_64-unknown-linux-gnu
  cargo:rerun-if-env-changed=PKG_CONFIG_SYSROOT_DIR_x86_64_unknown_linux_gnu
  cargo:rerun-if-env-changed=HOST_PKG_CONFIG_SYSROOT_DIR
  cargo:rerun-if-env-changed=PKG_CONFIG_SYSROOT_DIR
  cargo:rustc-link-lib=glib-2.0
  cargo:rustc-link-lib=gpgme
  cargo:rustc-link-lib=json-c
  cargo:rustc-link-lib=curl
  cargo:rustc-link-lib=ssl
  cargo:rustc-link-lib=crypto
  cargo:rustc-link-lib=repo
  cargo:rustc-link-lib=glib-2.0
  cargo:rustc-link-lib=ssl
  cargo:rustc-link-lib=crypto
  cargo:rustc-link-lib=solv
  cargo:rustc-link-lib=solvext
  cargo:rustc-link-lib=solv
  cargo:rustc-link-lib=modulemd
  cargo:rustc-link-lib=gobject-2.0
  cargo:rustc-link-lib=glib-2.0
  cargo:rustc-link-lib=popt
  cargo:rustc-link-lib=ssl
  cargo:rustc-link-lib=crypto
  cargo:rustc-link-lib=rpm
  cargo:rustc-link-lib=rpmio
  cargo:rustc-link-lib=popt
  cargo:rustc-link-lib=sqlite3
  cargo:rustc-link-lib=zck
  cargo:rustc-link-lib=ssl
  cargo:rustc-link-lib=crypto
  cargo:include=/usr/include/glib-2.0:/usr/lib64/glib-2.0/include:/usr/include/sysprof-6:/usr/include:/usr/include/libassuan2:/usr/include:/usr/include/json-c:/usr/include:/usr/include:/usr/include/glib-2.0:/usr/lib64/glib-2.0/include:/usr/include/sysprof-6:/usr/include/libxml2:/usr/include:/usr/include:/usr/include/modulemd-2.0:/usr/include:/usr/include/glib-2.0:/usr/lib64/glib-2.0/include:/usr/include/sysprof-6:/usr/include:/usr/include:/usr/include:/usr/include
  cargo:rerun-if-env-changed=SYSTEM_DEPS_BUILD_INTERNAL
  cargo:rerun-if-env-changed=SYSTEM_DEPS_LINK
  cargo:rerun-if-env-changed=SYSTEM_DEPS_MODULEMD_LIB
  cargo:rerun-if-env-changed=SYSTEM_DEPS_MODULEMD_LIB_FRAMEWORK
  cargo:rerun-if-env-changed=SYSTEM_DEPS_MODULEMD_SEARCH_NATIVE
  cargo:rerun-if-env-changed=SYSTEM_DEPS_MODULEMD_SEARCH_FRAMEWORK
  cargo:rerun-if-env-changed=SYSTEM_DEPS_MODULEMD_INCLUDE
  cargo:rerun-if-env-changed=SYSTEM_DEPS_MODULEMD_LDFLAGS
  cargo:rerun-if-env-changed=SYSTEM_DEPS_MODULEMD_NO_PKG_CONFIG
  cargo:rerun-if-env-changed=SYSTEM_DEPS_MODULEMD_BUILD_INTERNAL
  cargo:rerun-if-env-changed=SYSTEM_DEPS_MODULEMD_LINK
  cargo:rerun-if-env-changed=SYSTEM_DEPS_LIBSOLVEXT_LIB
  cargo:rerun-if-env-changed=SYSTEM_DEPS_LIBSOLVEXT_LIB_FRAMEWORK
  cargo:rerun-if-env-changed=SYSTEM_DEPS_LIBSOLVEXT_SEARCH_NATIVE
  cargo:rerun-if-env-changed=SYSTEM_DEPS_LIBSOLVEXT_SEARCH_FRAMEWORK
  cargo:rerun-if-env-changed=SYSTEM_DEPS_LIBSOLVEXT_INCLUDE
  cargo:rerun-if-env-changed=SYSTEM_DEPS_LIBSOLVEXT_LDFLAGS
  cargo:rerun-if-env-changed=SYSTEM_DEPS_LIBSOLVEXT_NO_PKG_CONFIG
  cargo:rerun-if-env-changed=SYSTEM_DEPS_LIBSOLVEXT_BUILD_INTERNAL
  cargo:rerun-if-env-changed=SYSTEM_DEPS_LIBSOLVEXT_LINK
  cargo:rerun-if-env-changed=SYSTEM_DEPS_ZCK_LIB
  cargo:rerun-if-env-changed=SYSTEM_DEPS_ZCK_LIB_FRAMEWORK
  cargo:rerun-if-env-changed=SYSTEM_DEPS_ZCK_SEARCH_NATIVE
  cargo:rerun-if-env-changed=SYSTEM_DEPS_ZCK_SEARCH_FRAMEWORK
  cargo:rerun-if-env-changed=SYSTEM_DEPS_ZCK_INCLUDE
  cargo:rerun-if-env-changed=SYSTEM_DEPS_ZCK_LDFLAGS
  cargo:rerun-if-env-changed=SYSTEM_DEPS_ZCK_NO_PKG_CONFIG
  cargo:rerun-if-env-changed=SYSTEM_DEPS_ZCK_BUILD_INTERNAL
  cargo:rerun-if-env-changed=SYSTEM_DEPS_ZCK_LINK
  cargo:rerun-if-env-changed=SYSTEM_DEPS_LIBREPO_LIB
  cargo:rerun-if-env-changed=SYSTEM_DEPS_LIBREPO_LIB_FRAMEWORK
  cargo:rerun-if-env-changed=SYSTEM_DEPS_LIBREPO_SEARCH_NATIVE
  cargo:rerun-if-env-changed=SYSTEM_DEPS_LIBREPO_SEARCH_FRAMEWORK
  cargo:rerun-if-env-changed=SYSTEM_DEPS_LIBREPO_INCLUDE
  cargo:rerun-if-env-changed=SYSTEM_DEPS_LIBREPO_LDFLAGS
  cargo:rerun-if-env-changed=SYSTEM_DEPS_LIBREPO_NO_PKG_CONFIG
  cargo:rerun-if-env-changed=SYSTEM_DEPS_LIBREPO_BUILD_INTERNAL
  cargo:rerun-if-env-changed=SYSTEM_DEPS_LIBREPO_LINK
  cargo:rerun-if-env-changed=SYSTEM_DEPS_LIBSOLV_LIB
  cargo:rerun-if-env-changed=SYSTEM_DEPS_LIBSOLV_LIB_FRAMEWORK
  cargo:rerun-if-env-changed=SYSTEM_DEPS_LIBSOLV_SEARCH_NATIVE
  cargo:rerun-if-env-changed=SYSTEM_DEPS_LIBSOLV_SEARCH_FRAMEWORK
  cargo:rerun-if-env-changed=SYSTEM_DEPS_LIBSOLV_INCLUDE
  cargo:rerun-if-env-changed=SYSTEM_DEPS_LIBSOLV_LDFLAGS
  cargo:rerun-if-env-changed=SYSTEM_DEPS_LIBSOLV_NO_PKG_CONFIG
  cargo:rerun-if-env-changed=SYSTEM_DEPS_LIBSOLV_BUILD_INTERNAL
  cargo:rerun-if-env-changed=SYSTEM_DEPS_LIBSOLV_LINK
  cargo:rerun-if-env-changed=SYSTEM_DEPS_JSONC_LIB
  cargo:rerun-if-env-changed=SYSTEM_DEPS_JSONC_LIB_FRAMEWORK
  cargo:rerun-if-env-changed=SYSTEM_DEPS_JSONC_SEARCH_NATIVE
  cargo:rerun-if-env-changed=SYSTEM_DEPS_JSONC_SEARCH_FRAMEWORK
  cargo:rerun-if-env-changed=SYSTEM_DEPS_JSONC_INCLUDE
  cargo:rerun-if-env-changed=SYSTEM_DEPS_JSONC_LDFLAGS
  cargo:rerun-if-env-changed=SYSTEM_DEPS_JSONC_NO_PKG_CONFIG
  cargo:rerun-if-env-changed=SYSTEM_DEPS_JSONC_BUILD_INTERNAL
  cargo:rerun-if-env-changed=SYSTEM_DEPS_JSONC_LINK
  cargo:rerun-if-env-changed=SYSTEM_DEPS_LIBCURL_LIB
  cargo:rerun-if-env-changed=SYSTEM_DEPS_LIBCURL_LIB_FRAMEWORK
  cargo:rerun-if-env-changed=SYSTEM_DEPS_LIBCURL_SEARCH_NATIVE
  cargo:rerun-if-env-changed=SYSTEM_DEPS_LIBCURL_SEARCH_FRAMEWORK
  cargo:rerun-if-env-changed=SYSTEM_DEPS_LIBCURL_INCLUDE
  cargo:rerun-if-env-changed=SYSTEM_DEPS_LIBCURL_LDFLAGS
  cargo:rerun-if-env-changed=SYSTEM_DEPS_LIBCURL_NO_PKG_CONFIG
  cargo:rerun-if-env-changed=SYSTEM_DEPS_LIBCURL_BUILD_INTERNAL
  cargo:rerun-if-env-changed=SYSTEM_DEPS_LIBCURL_LINK
  cargo:rerun-if-env-changed=SYSTEM_DEPS_OPENSSL_LIB
  cargo:rerun-if-env-changed=SYSTEM_DEPS_OPENSSL_LIB_FRAMEWORK
  cargo:rerun-if-env-changed=SYSTEM_DEPS_OPENSSL_SEARCH_NATIVE
  cargo:rerun-if-env-changed=SYSTEM_DEPS_OPENSSL_SEARCH_FRAMEWORK
  cargo:rerun-if-env-changed=SYSTEM_DEPS_OPENSSL_INCLUDE
  cargo:rerun-if-env-changed=SYSTEM_DEPS_OPENSSL_LDFLAGS
  cargo:rerun-if-env-changed=SYSTEM_DEPS_OPENSSL_NO_PKG_CONFIG
  cargo:rerun-if-env-changed=SYSTEM_DEPS_OPENSSL_BUILD_INTERNAL
  cargo:rerun-if-env-changed=SYSTEM_DEPS_OPENSSL_LINK
  cargo:rerun-if-env-changed=SYSTEM_DEPS_RPM_LIB
  cargo:rerun-if-env-changed=SYSTEM_DEPS_RPM_LIB_FRAMEWORK
  cargo:rerun-if-env-changed=SYSTEM_DEPS_RPM_SEARCH_NATIVE
  cargo:rerun-if-env-changed=SYSTEM_DEPS_RPM_SEARCH_FRAMEWORK
  cargo:rerun-if-env-changed=SYSTEM_DEPS_RPM_INCLUDE
  cargo:rerun-if-env-changed=SYSTEM_DEPS_RPM_LDFLAGS
  cargo:rerun-if-env-changed=SYSTEM_DEPS_RPM_NO_PKG_CONFIG
  cargo:rerun-if-env-changed=SYSTEM_DEPS_RPM_BUILD_INTERNAL
  cargo:rerun-if-env-changed=SYSTEM_DEPS_RPM_LINK
  cargo:rerun-if-env-changed=SYSTEM_DEPS_SQLITE3_LIB
  cargo:rerun-if-env-changed=SYSTEM_DEPS_SQLITE3_LIB_FRAMEWORK
  cargo:rerun-if-env-changed=SYSTEM_DEPS_SQLITE3_SEARCH_NATIVE
  cargo:rerun-if-env-changed=SYSTEM_DEPS_SQLITE3_SEARCH_FRAMEWORK
  cargo:rerun-if-env-changed=SYSTEM_DEPS_SQLITE3_INCLUDE
  cargo:rerun-if-env-changed=SYSTEM_DEPS_SQLITE3_LDFLAGS
  cargo:rerun-if-env-changed=SYSTEM_DEPS_SQLITE3_NO_PKG_CONFIG
  cargo:rerun-if-env-changed=SYSTEM_DEPS_SQLITE3_BUILD_INTERNAL
  cargo:rerun-if-env-changed=SYSTEM_DEPS_SQLITE3_LINK
  cargo:rerun-if-env-changed=SYSTEM_DEPS_GPGME_LIB
  cargo:rerun-if-env-changed=SYSTEM_DEPS_GPGME_LIB_FRAMEWORK
  cargo:rerun-if-env-changed=SYSTEM_DEPS_GPGME_SEARCH_NATIVE
  cargo:rerun-if-env-changed=SYSTEM_DEPS_GPGME_SEARCH_FRAMEWORK
  cargo:rerun-if-env-changed=SYSTEM_DEPS_GPGME_INCLUDE
  cargo:rerun-if-env-changed=SYSTEM_DEPS_GPGME_LDFLAGS
  cargo:rerun-if-env-changed=SYSTEM_DEPS_GPGME_NO_PKG_CONFIG
  cargo:rerun-if-env-changed=SYSTEM_DEPS_GPGME_BUILD_INTERNAL
  cargo:rerun-if-env-changed=SYSTEM_DEPS_GPGME_LINK
  cargo:rerun-if-env-changed=SYSTEM_DEPS_GLIB_LIB
  cargo:rerun-if-env-changed=SYSTEM_DEPS_GLIB_LIB_FRAMEWORK
  cargo:rerun-if-env-changed=SYSTEM_DEPS_GLIB_SEARCH_NATIVE
  cargo:rerun-if-env-changed=SYSTEM_DEPS_GLIB_SEARCH_FRAMEWORK
  cargo:rerun-if-env-changed=SYSTEM_DEPS_GLIB_INCLUDE
  cargo:rerun-if-env-changed=SYSTEM_DEPS_GLIB_LDFLAGS
  cargo:rerun-if-env-changed=SYSTEM_DEPS_GLIB_NO_PKG_CONFIG
  cargo:rerun-if-env-changed=SYSTEM_DEPS_GLIB_BUILD_INTERNAL
  cargo:rerun-if-env-changed=SYSTEM_DEPS_GLIB_LINK

  cargo:rustc-cfg=system_deps_have_glib
  cargo:rustc-cfg=system_deps_have_gpgme
  cargo:rustc-cfg=system_deps_have_jsonc
  cargo:rustc-cfg=system_deps_have_libcurl
  cargo:rustc-cfg=system_deps_have_librepo
  cargo:rustc-cfg=system_deps_have_libsolv
  cargo:rustc-cfg=system_deps_have_libsolvext
  cargo:rustc-cfg=system_deps_have_modulemd
  cargo:rustc-cfg=system_deps_have_openssl
  cargo:rustc-cfg=system_deps_have_rpm
  cargo:rustc-cfg=system_deps_have_sqlite3
  cargo:rustc-cfg=system_deps_have_zck
  CMAKE_TOOLCHAIN_FILE_x86_64-unknown-linux-gnu = None
  CMAKE_TOOLCHAIN_FILE_x86_64_unknown_linux_gnu = None
  HOST_CMAKE_TOOLCHAIN_FILE = None
  CMAKE_TOOLCHAIN_FILE = None
  CMAKE_GENERATOR_x86_64-unknown-linux-gnu = None
  CMAKE_GENERATOR_x86_64_unknown_linux_gnu = None
  HOST_CMAKE_GENERATOR = None
  CMAKE_GENERATOR = None
  CMAKE_PREFIX_PATH_x86_64-unknown-linux-gnu = None
  CMAKE_PREFIX_PATH_x86_64_unknown_linux_gnu = None
  HOST_CMAKE_PREFIX_PATH = None
  CMAKE_PREFIX_PATH = None
  CMAKE_x86_64-unknown-linux-gnu = None
  CMAKE_x86_64_unknown_linux_gnu = None
  HOST_CMAKE = None
  CMAKE = None
  running: cd "/var/home/kushal/rpm-ostree/target/debug/build/libdnf-sys-6b0db4a1fbb21ddd/out/build" && CMAKE_PREFIX_PATH="" LC_ALL="C" "cmake" "/var/home/kushal/rpm-ostree/rust/libdnf-sys/../../libdnf" "-DCMAKE_INSTALL_PREFIX:PATH=/usr/libexec/rpm-ostree" "-DINCLUDE_INSTALL_DIR:PATH=/usr/libexec/rpm-ostree/include" "-DLIB_INSTALL_DIR:PATH=/usr/libexec/rpm-ostree" "-DSYSCONF_INSTALL_DIR:PATH=/usr/libexec/rpm-ostree/etc" "-DSHARE_INSTALL_PREFIX:PATH=/usr/libexec/rpm-ostree/share" "-DENABLE_STATIC:BOOL=1" "-DCMAKE_POSITION_INDEPENDENT_CODE=ON" "-DWITH_HTML:BOOL=0" "-DWITH_MAN:BOOL=0" "-DENABLE_RHSM_SUPPORT:BOOL=0" "-DWITH_ZCHUNK:BOOL=1" "-DWITH_BINDINGS:BOOL=0" "-DCMAKE_INSTALL_PREFIX=/var/home/kushal/rpm-ostree/target/debug/build/libdnf-sys-6b0db4a1fbb21ddd/out" "-DCMAKE_C_FLAGS= -ffunction-sections -fdata-sections -fPIC -m64" "-DCMAKE_C_COMPILER=/usr/bin/cc" "-DCMAKE_CXX_FLAGS= -fPIC -ffunction-sections -fdata-sections -fPIC -m64" "-DCMAKE_CXX_COMPILER=/usr/bin/c++" "-DCMAKE_ASM_FLAGS= -ffunction-sections -fdata-sections -fPIC -m64" "-DCMAKE_ASM_COMPILER=/usr/bin/cc" "-DCMAKE_BUILD_TYPE=RelWithDebInfo"

  --- stderr
  CMake Warning:
    Ignoring extra path from command line:

     "/var/home/kushal/rpm-ostree/rust/libdnf-sys/../../libdnf"


  CMake Error: The source directory "/var/home/kushal/rpm-ostree/libdnf" does not appear to contain CMakeLists.txt.
  Specify --help for usage, or press the help button on the CMake GUI.

  thread 'main' panicked at /home/kushal/.cargo/registry/src/index.crates.io-1949cf8c6b5b557f/cmake-0.1.54/src/lib.rs:1119:5:

  command did not execute successfully, got: exit status: 1

  build script failed, must exit now
  note: run with `RUST_BACKTRACE=1` environment variable to display a backtrace
